{"synthetic": false,
 "schemaVersion": "2025-09-10",
 "outputs":
 {"o": ["c3e2c4e09c07d3ff.olean"],
  "i": "110a0c4fd9b80a41.ilean",
  "c": "e177cb4e742754af.c"},
 "log":
 [{"message":
   ".> LEAN_PATH=/home/phrxmaz/Documents/CyberAlchemy/.lake/packages/Cli/.lake/build/lib/lean:/home/phrxmaz/Documents/CyberAlchemy/.lake/packages/batteries/.lake/build/lib/lean:/home/phrxmaz/Documents/CyberAlchemy/.lake/packages/Qq/.lake/build/lib/lean:/home/phrxmaz/Documents/CyberAlchemy/.lake/packages/aesop/.lake/build/lib/lean:/home/phrxmaz/Documents/CyberAlchemy/.lake/packages/proofwidgets/.lake/build/lib/lean:/home/phrxmaz/Documents/CyberAlchemy/.lake/packages/importGraph/.lake/build/lib/lean:/home/phrxmaz/Documents/CyberAlchemy/.lake/packages/LeanSearchClient/.lake/build/lib/lean:/home/phrxmaz/Documents/CyberAlchemy/.lake/packages/plausible/.lake/build/lib/lean:/home/phrxmaz/Documents/CyberAlchemy/.lake/packages/mathlib/.lake/build/lib/lean:/home/phrxmaz/Documents/CyberAlchemy/.lake/build/lib/lean /home/phrxmaz/.elan/toolchains/leanprover--lean4---v4.29.1/bin/lean /home/phrxmaz/Documents/CyberAlchemy/CyberAlchemy/AntiSpoofing.lean -o /home/phrxmaz/Documents/CyberAlchemy/.lake/build/lib/lean/CyberAlchemy/AntiSpoofing.olean -i /home/phrxmaz/Documents/CyberAlchemy/.lake/build/lib/lean/CyberAlchemy/AntiSpoofing.ilean -c /home/phrxmaz/Documents/CyberAlchemy/.lake/build/ir/CyberAlchemy/AntiSpoofing.c --setup /home/phrxmaz/Documents/CyberAlchemy/.lake/build/ir/CyberAlchemy/AntiSpoofing.setup.json --json",
   "level": "trace"}],
 "inputs":
 [["CyberAlchemy.AntiSpoofing:deps",
   [["deps",
     [["CyberAlchemy/CyberAlchemy:extraDep",
       [["@CyberAlchemy:extraDep", "00000000000006bb"]]],
      ["imports",
       [["CyberAlchemy.CommutatorGap transitive imports (legacy)",
         "63abf363b297c668"],
        ["CyberAlchemy.CommutatorGap:importAllArts", "d619983115d20752"],
        ["CyberAlchemy.MonsterInverse transitive imports (legacy)",
         "f2e720a49f4e007c"],
        ["CyberAlchemy.MonsterInverse:importAllArts", "74390d1553017da4"],
        ["CyberAlchemy.ProtorealOperator transitive imports (legacy)",
         "8c0010de325bb14c"],
        ["CyberAlchemy.ProtorealOperator:importAllArts",
         "da9dd767030c0036"]]]]],
    ["libs",
     [["import dynlibs", "00000000000006bb"],
      ["package external libraries", "00000000000006bb"],
      ["module dynlibs", "00000000000006bb"],
      ["module plugins", "00000000000006bb"]]]]],
  ["Lean 4.29.1, commit f72c35b3f637c8c6571d353742168ab66cc22c00",
   "fa77a35a41db35c0"],
  ["/home/phrxmaz/Documents/CyberAlchemy/CyberAlchemy/AntiSpoofing.lean",
   "0e7d91bdf08f3807"],
  ["options",
   [["-DrelaxedAutoImplicit=false", "74a2b5546b55be80"],
    ["-Dpp.unicode.fun=true", "9b94070140457fab"]]],
  ["isModule: false", "feefd2a0d3a1847e"],
  ["Module.name: CyberAlchemy.AntiSpoofing", "0e50c16dff2d4a58"],
  ["Package.id?: (some CyberAlchemy)", "145ff4c6b42a15f8"],
  ["Module.leanArgs: #[]", "00000000000006bb"]],
 "depHash": "bef4ed7e338d3754"}