{"synthetic": false,
 "schemaVersion": "2025-09-10",
 "outputs":
 {"o": ["0ccb15142526a905.olean"],
  "i": "2931b7ed66d4053e.ilean",
  "c": "b722096b21d3cea8.c"},
 "log":
 [{"message":
   ".> LEAN_PATH=/home/phrxmaz/Documents/CyberAlchemy/.lake/packages/Cli/.lake/build/lib/lean:/home/phrxmaz/Documents/CyberAlchemy/.lake/packages/batteries/.lake/build/lib/lean:/home/phrxmaz/Documents/CyberAlchemy/.lake/packages/Qq/.lake/build/lib/lean:/home/phrxmaz/Documents/CyberAlchemy/.lake/packages/aesop/.lake/build/lib/lean:/home/phrxmaz/Documents/CyberAlchemy/.lake/packages/proofwidgets/.lake/build/lib/lean:/home/phrxmaz/Documents/CyberAlchemy/.lake/packages/importGraph/.lake/build/lib/lean:/home/phrxmaz/Documents/CyberAlchemy/.lake/packages/LeanSearchClient/.lake/build/lib/lean:/home/phrxmaz/Documents/CyberAlchemy/.lake/packages/plausible/.lake/build/lib/lean:/home/phrxmaz/Documents/CyberAlchemy/.lake/packages/mathlib/.lake/build/lib/lean:/home/phrxmaz/Documents/CyberAlchemy/.lake/build/lib/lean /home/phrxmaz/.elan/toolchains/leanprover--lean4---v4.29.1/bin/lean /home/phrxmaz/Documents/CyberAlchemy/CyberAlchemy/AsymptoticTransfinites.lean -o /home/phrxmaz/Documents/CyberAlchemy/.lake/build/lib/lean/CyberAlchemy/AsymptoticTransfinites.olean -i /home/phrxmaz/Documents/CyberAlchemy/.lake/build/lib/lean/CyberAlchemy/AsymptoticTransfinites.ilean -c /home/phrxmaz/Documents/CyberAlchemy/.lake/build/ir/CyberAlchemy/AsymptoticTransfinites.c --setup /home/phrxmaz/Documents/CyberAlchemy/.lake/build/ir/CyberAlchemy/AsymptoticTransfinites.setup.json --json",
   "level": "trace"}],
 "inputs":
 [["CyberAlchemy.AsymptoticTransfinites:deps",
   [["deps",
     [["CyberAlchemy/CyberAlchemy:extraDep",
       [["@CyberAlchemy:extraDep", "00000000000006bb"]]],
      ["imports",
       [["Mathlib.Data.Real.Basic transitive imports (legacy)",
         "dee90db6c6d9680f"],
        ["Mathlib.Data.Real.Basic:importAllArts", "1c59c2fc821ca43f"],
        ["Mathlib.Analysis.SpecialFunctions.Exp transitive imports (legacy)",
         "9f47a1266905fafa"],
        ["Mathlib.Analysis.SpecialFunctions.Exp:importAllArts",
         "70b460ecd13e9d45"],
        ["Mathlib.Analysis.SpecialFunctions.Log.Basic transitive imports (legacy)",
         "554affae97f38bdd"],
        ["Mathlib.Analysis.SpecialFunctions.Log.Basic:importAllArts",
         "a7168b2df2d77320"],
        ["CyberAlchemy.ProtorealManifold transitive imports (legacy)",
         "509efa3bdd6d1033"],
        ["CyberAlchemy.ProtorealManifold:importAllArts",
         "310dc4ddc461099f"]]]]],
    ["libs",
     [["import dynlibs", "00000000000006bb"],
      ["package external libraries", "00000000000006bb"],
      ["module dynlibs", "00000000000006bb"],
      ["module plugins", "00000000000006bb"]]]]],
  ["Lean 4.29.1, commit f72c35b3f637c8c6571d353742168ab66cc22c00",
   "fa77a35a41db35c0"],
  ["/home/phrxmaz/Documents/CyberAlchemy/CyberAlchemy/AsymptoticTransfinites.lean",
   "1aecc5d9d60cf2af"],
  ["options",
   [["-DrelaxedAutoImplicit=false", "74a2b5546b55be80"],
    ["-Dpp.unicode.fun=true", "9b94070140457fab"]]],
  ["isModule: false", "feefd2a0d3a1847e"],
  ["Module.name: CyberAlchemy.AsymptoticTransfinites", "61215f8f37d5bad8"],
  ["Package.id?: (some CyberAlchemy)", "145ff4c6b42a15f8"],
  ["Module.leanArgs: #[]", "00000000000006bb"]],
 "depHash": "2766766c8d54c25b"}