{"synthetic": false,
 "schemaVersion": "2025-09-10",
 "outputs":
 {"o": ["923e3f9980ba631d.olean"],
  "i": "d80f2fd48caa3634.ilean",
  "c": "9b5e9e6ca7b06faf.c"},
 "log":
 [{"message":
   ".> LEAN_PATH=/home/phrxmaz/Documents/CyberAlchemy/.lake/packages/Cli/.lake/build/lib/lean:/home/phrxmaz/Documents/CyberAlchemy/.lake/packages/batteries/.lake/build/lib/lean:/home/phrxmaz/Documents/CyberAlchemy/.lake/packages/Qq/.lake/build/lib/lean:/home/phrxmaz/Documents/CyberAlchemy/.lake/packages/aesop/.lake/build/lib/lean:/home/phrxmaz/Documents/CyberAlchemy/.lake/packages/proofwidgets/.lake/build/lib/lean:/home/phrxmaz/Documents/CyberAlchemy/.lake/packages/importGraph/.lake/build/lib/lean:/home/phrxmaz/Documents/CyberAlchemy/.lake/packages/LeanSearchClient/.lake/build/lib/lean:/home/phrxmaz/Documents/CyberAlchemy/.lake/packages/plausible/.lake/build/lib/lean:/home/phrxmaz/Documents/CyberAlchemy/.lake/packages/mathlib/.lake/build/lib/lean:/home/phrxmaz/Documents/CyberAlchemy/.lake/build/lib/lean /home/phrxmaz/.elan/toolchains/leanprover--lean4---v4.29.1/bin/lean /home/phrxmaz/Documents/CyberAlchemy/CyberAlchemy/Basic.lean -o /home/phrxmaz/Documents/CyberAlchemy/.lake/build/lib/lean/CyberAlchemy/Basic.olean -i /home/phrxmaz/Documents/CyberAlchemy/.lake/build/lib/lean/CyberAlchemy/Basic.ilean -c /home/phrxmaz/Documents/CyberAlchemy/.lake/build/ir/CyberAlchemy/Basic.c --setup /home/phrxmaz/Documents/CyberAlchemy/.lake/build/ir/CyberAlchemy/Basic.setup.json --json",
   "level": "trace"}],
 "inputs":
 [["CyberAlchemy.Basic:deps",
   [["deps",
     [["CyberAlchemy/CyberAlchemy:extraDep",
       [["@CyberAlchemy:extraDep", "00000000000006bb"]]],
      ["imports",
       [["CyberAlchemy.ProtorealManifold transitive imports (legacy)",
         "509efa3bdd6d1033"],
        ["CyberAlchemy.ProtorealManifold:importAllArts", "310dc4ddc461099f"],
        ["CyberAlchemy.ProtorealMesh transitive imports (legacy)",
         "4498bb3b76c47d2f"],
        ["CyberAlchemy.ProtorealMesh:importAllArts", "90bec2a8ba36f27c"],
        ["CyberAlchemy.ProtorealNorm transitive imports (legacy)",
         "e2df078b47d23a60"],
        ["CyberAlchemy.ProtorealNorm:importAllArts", "7af8c64f79cefe9f"],
        ["CyberAlchemy.HyperbolicIdentity transitive imports (legacy)",
         "52a71afcffa39a91"],
        ["CyberAlchemy.HyperbolicIdentity:importAllArts", "5e8a39086fba385b"],
        ["CyberAlchemy.HyperbolicGeneralization transitive imports (legacy)",
         "d8be6898bb985276"],
        ["CyberAlchemy.HyperbolicGeneralization:importAllArts",
         "2f693ec51d0d2be3"],
        ["CyberAlchemy.CollatzResonance transitive imports (legacy)",
         "dfaaba6d03052e09"],
        ["CyberAlchemy.CollatzResonance:importAllArts", "a3e9ef622860e760"],
        ["CyberAlchemy.MonsterLattice transitive imports (legacy)",
         "45e2af6f13beff07"],
        ["CyberAlchemy.MonsterLattice:importAllArts", "8e452e3a1d144a97"],
        ["CyberAlchemy.HodgeDecomposition transitive imports (legacy)",
         "77e3ea0bd3e62429"],
        ["CyberAlchemy.HodgeDecomposition:importAllArts", "ef208e98f2b311e7"],
        ["CyberAlchemy.ParityStability transitive imports (legacy)",
         "9e3a981a5d1dde7e"],
        ["CyberAlchemy.ParityStability:importAllArts", "26d41418dc5b1c89"],
        ["CyberAlchemy.SyntheticIntegration transitive imports (legacy)",
         "6918b62a58669e2c"],
        ["CyberAlchemy.SyntheticIntegration:importAllArts", "19d165fa898eee35"],
        ["CyberAlchemy.GeneralInversion transitive imports (legacy)",
         "c5dbec085a05163e"],
        ["CyberAlchemy.GeneralInversion:importAllArts", "b7c80e1840d4bd7a"],
        ["CyberAlchemy.RiemannFunctionalEquation transitive imports (legacy)",
         "e9cbc93f6e7561ea"],
        ["CyberAlchemy.RiemannFunctionalEquation:importAllArts",
         "758b6af882968c74"],
        ["CyberAlchemy.RiemannSolution transitive imports (legacy)",
         "6e45f6b4fb00ec20"],
        ["CyberAlchemy.RiemannSolution:importAllArts", "7b64ba13c62e85ce"],
        ["CyberAlchemy.ProtorealGraph transitive imports (legacy)",
         "25378c7082eb0602"],
        ["CyberAlchemy.ProtorealGraph:importAllArts", "6581a5e57472509a"],
        ["CyberAlchemy.EulerPerception transitive imports (legacy)",
         "ffa124cfd2f234ca"],
        ["CyberAlchemy.EulerPerception:importAllArts", "ab8dc4e7a800d40a"],
        ["CyberAlchemy.MayerVietoris transitive imports (legacy)",
         "12c4e88a12266af1"],
        ["CyberAlchemy.MayerVietoris:importAllArts", "43453f2bee55aeb1"],
        ["CyberAlchemy.StructuralHeterogeneity transitive imports (legacy)",
         "387ac9cacfc70ca7"],
        ["CyberAlchemy.StructuralHeterogeneity:importAllArts",
         "3a8871cafdd15183"],
        ["CyberAlchemy.SpectralFiber transitive imports (legacy)",
         "2db4a0c02246587e"],
        ["CyberAlchemy.SpectralFiber:importAllArts", "29cba41dc1e710e7"],
        ["CyberAlchemy.CommutatorGap transitive imports (legacy)",
         "63abf363b297c668"],
        ["CyberAlchemy.CommutatorGap:importAllArts", "d619983115d20752"],
        ["CyberAlchemy.MassGap transitive imports (legacy)",
         "6d734bce4b062b0c"],
        ["CyberAlchemy.MassGap:importAllArts", "3faa948dd069ecbd"],
        ["CyberAlchemy.SpectralTrinity transitive imports (legacy)",
         "243954709bbd1dcf"],
        ["CyberAlchemy.SpectralTrinity:importAllArts", "2c3e4503e0839cdf"],
        ["CyberAlchemy.GlialDopant transitive imports (legacy)",
         "afda97d8a729d710"],
        ["CyberAlchemy.GlialDopant:importAllArts", "8bf0b520ad873a2c"],
        ["CyberAlchemy.KleinTopology transitive imports (legacy)",
         "2a921536c8386ed2"],
        ["CyberAlchemy.KleinTopology:importAllArts", "e77c63632b3bae73"],
        ["CyberAlchemy.HodgeConjecture transitive imports (legacy)",
         "912f5653d2b94c2d"],
        ["CyberAlchemy.HodgeConjecture:importAllArts", "24211f527bd1dfbc"],
        ["CyberAlchemy.ProtoLite transitive imports (legacy)",
         "debfc628b9a33703"],
        ["CyberAlchemy.ProtoLite:importAllArts", "40f3b19fea9dc513"],
        ["CyberAlchemy.TranscendentalBasis transitive imports (legacy)",
         "117d9e20ab58827e"],
        ["CyberAlchemy.TranscendentalBasis:importAllArts", "05d6b4e2e9bd3969"],
        ["CyberAlchemy.NilradicalGeneralization transitive imports (legacy)",
         "8f953d2cb60c2064"],
        ["CyberAlchemy.NilradicalGeneralization:importAllArts",
         "accb9fdadcbbebd6"],
        ["CyberAlchemy.Semisimple transitive imports (legacy)",
         "52a71afcffa39a91"],
        ["CyberAlchemy.Semisimple:importAllArts", "c216e9573e446b75"],
        ["CyberAlchemy.FusionRing transitive imports (legacy)",
         "ab1d013603ecbfb4"],
        ["CyberAlchemy.FusionRing:importAllArts", "79f8877824a7a6a7"],
        ["CyberAlchemy.Rigidity transitive imports (legacy)",
         "460dad18e72a757b"],
        ["CyberAlchemy.Rigidity:importAllArts", "7ca8019dafe2e16e"],
        ["CyberAlchemy.PentagonCoherence transitive imports (legacy)",
         "1dc78fe189d3f3a1"],
        ["CyberAlchemy.PentagonCoherence:importAllArts", "af51b04766d543db"],
        ["CyberAlchemy.Invariance transitive imports (legacy)",
         "782f5fce75c4eb69"],
        ["CyberAlchemy.Invariance:importAllArts", "fc30432e5e20ca30"],
        ["CyberAlchemy.HyperKlein transitive imports (legacy)",
         "b264e3923a6d3b52"],
        ["CyberAlchemy.HyperKlein:importAllArts", "c50e587bda4778d8"],
        ["CyberAlchemy.HyperDifference transitive imports (legacy)",
         "a69fc86774f5708b"],
        ["CyberAlchemy.HyperDifference:importAllArts", "9bb4cdc62625e0a7"],
        ["CyberAlchemy.PhasorTower transitive imports (legacy)",
         "3dc47f9de16e2dd1"],
        ["CyberAlchemy.PhasorTower:importAllArts", "b2ad4f9598193c0f"],
        ["CyberAlchemy.StructuralMorphism transitive imports (legacy)",
         "b5cbc0af86ac6a2e"],
        ["CyberAlchemy.StructuralMorphism:importAllArts", "7dbf9f5b737b371e"],
        ["CyberAlchemy.SafetyBounds transitive imports (legacy)",
         "c3d1991988a02bea"],
        ["CyberAlchemy.SafetyBounds:importAllArts", "f03b42815e20ffbe"],
        ["CyberAlchemy.KamaTrain transitive imports (legacy)",
         "2077c4578884dd92"],
        ["CyberAlchemy.KamaTrain:importAllArts", "dd67fb9c70fe37b3"],
        ["CyberAlchemy.LittleDelta transitive imports (legacy)",
         "05b2ee99d015e3b4"],
        ["CyberAlchemy.LittleDelta:importAllArts", "4ca952d07c34caca"],
        ["CyberAlchemy.ErrorCorrection transitive imports (legacy)",
         "8ef0d617379e1be3"],
        ["CyberAlchemy.ErrorCorrection:importAllArts", "46475df0aeff2032"],
        ["CyberAlchemy.QuantumErrorCorrection transitive imports (legacy)",
         "0d940e2e9f1b2f50"],
        ["CyberAlchemy.QuantumErrorCorrection:importAllArts",
         "832e336307c80cf8"],
        ["CyberAlchemy.HyperOperationScaling transitive imports (legacy)",
         "772d49da0cc833cb"],
        ["CyberAlchemy.HyperOperationScaling:importAllArts",
         "9c5185bbc6bbd3f3"],
        ["CyberAlchemy.RelativisticContinuum transitive imports (legacy)",
         "045918aac45aca1b"],
        ["CyberAlchemy.RelativisticContinuum:importAllArts",
         "707c584569d15a4f"],
        ["CyberAlchemy.JetSheaf transitive imports (legacy)",
         "f36d5c00350893c7"],
        ["CyberAlchemy.JetSheaf:importAllArts", "d1a855ea908f906f"],
        ["CyberAlchemy.SuperJetSheaf transitive imports (legacy)",
         "ad8b4353545f5fe1"],
        ["CyberAlchemy.SuperJetSheaf:importAllArts", "53e706f8153c6dd8"],
        ["CyberAlchemy.FractalHodge transitive imports (legacy)",
         "c857449ff5f50e59"],
        ["CyberAlchemy.FractalHodge:importAllArts", "e55de4b76e495eea"],
        ["CyberAlchemy.SchwarzianTruth transitive imports (legacy)",
         "aa6791cd4cfbb0c9"],
        ["CyberAlchemy.SchwarzianTruth:importAllArts", "ac0c9666ce8c3edb"],
        ["CyberAlchemy.AstromaticsTopology transitive imports (legacy)",
         "e41a0f06d400e75f"],
        ["CyberAlchemy.AstromaticsTopology:importAllArts", "b760ce682d6b0479"],
        ["CyberAlchemy.HierarchicalMayerVietoris transitive imports (legacy)",
         "0c86a8d6194eb9ab"],
        ["CyberAlchemy.HierarchicalMayerVietoris:importAllArts",
         "fdcb82e328eb22c5"],
        ["CyberAlchemy.KleinBottle transitive imports (legacy)",
         "908bf5186b4f2b9d"],
        ["CyberAlchemy.KleinBottle:importAllArts", "dfe0c6fb8d8fa174"],
        ["CyberAlchemy.BohmOrder transitive imports (legacy)",
         "4ffd6acd2ff44ed2"],
        ["CyberAlchemy.BohmOrder:importAllArts", "82853cdaba616a71"],
        ["CyberAlchemy.NonstandardBridge transitive imports (legacy)",
         "e22d0c2917c89a34"],
        ["CyberAlchemy.NonstandardBridge:importAllArts", "5e5aeac2de106ba5"],
        ["CyberAlchemy.OptimalCompute transitive imports (legacy)",
         "5ac5c5937b04fbc8"],
        ["CyberAlchemy.OptimalCompute:importAllArts", "55656b94fb04c97c"],
        ["CyberAlchemy.ComputationalCharge transitive imports (legacy)",
         "7576128cb9420eeb"],
        ["CyberAlchemy.ComputationalCharge:importAllArts", "5060ac5e163ff4a2"],
        ["CyberAlchemy.LingualMorphism transitive imports (legacy)",
         "dc9e2dfef566b638"],
        ["CyberAlchemy.LingualMorphism:importAllArts", "95ad2b57631edbeb"],
        ["CyberAlchemy.BitCollapse transitive imports (legacy)",
         "d0cd7fa009a9bc5b"],
        ["CyberAlchemy.BitCollapse:importAllArts", "ba15db1955acda9b"],
        ["CyberAlchemy.IncompletenessSource transitive imports (legacy)",
         "2171d10b7b1233fc"],
        ["CyberAlchemy.IncompletenessSource:importAllArts", "0401cf487053b75f"],
        ["CyberAlchemy.TemporalMorphism transitive imports (legacy)",
         "cf66fb4baeb0ac5d"],
        ["CyberAlchemy.TemporalMorphism:importAllArts", "7b2c5be689070fdc"],
        ["CyberAlchemy.VisionMorphism transitive imports (legacy)",
         "d8be6898bb985276"],
        ["CyberAlchemy.VisionMorphism:importAllArts", "5920b4f2776df5e5"],
        ["CyberAlchemy.MultimodalMorphism transitive imports (legacy)",
         "de7310906ca476b8"],
        ["CyberAlchemy.MultimodalMorphism:importAllArts", "6970857c577ac36a"],
        ["CyberAlchemy.SavageProbability transitive imports (legacy)",
         "288fcd7bb7d77791"],
        ["CyberAlchemy.SavageProbability:importAllArts", "448ad63c3b60ddd6"],
        ["CyberAlchemy.ZetaDirichlet transitive imports (legacy)",
         "911e690869c84c6a"],
        ["CyberAlchemy.ZetaDirichlet:importAllArts", "098eb02c2f5f88eb"],
        ["CyberAlchemy.YangMillsMultipath transitive imports (legacy)",
         "ccff4f54f5f4bf61"],
        ["CyberAlchemy.YangMillsMultipath:importAllArts", "e68ed031f99ec5e9"],
        ["CyberAlchemy.ConnesWienerAlgebra transitive imports (legacy)",
         "099c7a5b16357763"],
        ["CyberAlchemy.ConnesWienerAlgebra:importAllArts", "c5f0c84572ac5c3a"],
        ["CyberAlchemy.Awareness transitive imports (legacy)",
         "fff003bd1fd14472"],
        ["CyberAlchemy.Awareness:importAllArts", "7c11865b3b7f99d3"],
        ["CyberAlchemy.DMinorResonance transitive imports (legacy)",
         "828f05a4341f8665"],
        ["CyberAlchemy.DMinorResonance:importAllArts", "27373aefeec7f406"],
        ["CyberAlchemy.OctraFheSubset transitive imports (legacy)",
         "c00b045a882a0cd5"],
        ["CyberAlchemy.OctraFheSubset:importAllArts", "becb8948039c30cc"],
        ["CyberAlchemy.SecurityMorphism transitive imports (legacy)",
         "029de43d98205d2e"],
        ["CyberAlchemy.SecurityMorphism:importAllArts", "6a80047ad6642569"],
        ["CyberAlchemy.PrimorialJitter transitive imports (legacy)",
         "ed2827c765b5a064"],
        ["CyberAlchemy.PrimorialJitter:importAllArts", "a25cebe37b998cf7"],
        ["CyberAlchemy.InfotonThermodynamics transitive imports (legacy)",
         "8b217af117f52622"],
        ["CyberAlchemy.InfotonThermodynamics:importAllArts",
         "126940cf4654f34e"],
        ["CyberAlchemy.OrchOR transitive imports (legacy)", "1e5a337a4b59fbe6"],
        ["CyberAlchemy.OrchOR:importAllArts", "ee7767b9df46d101"],
        ["CyberAlchemy.ConsciousConservation transitive imports (legacy)",
         "d20762c319bf45f5"],
        ["CyberAlchemy.ConsciousConservation:importAllArts",
         "f18579c7bab7de66"],
        ["CyberAlchemy.TemporalQuasicrystal transitive imports (legacy)",
         "903d840424a627a1"],
        ["CyberAlchemy.TemporalQuasicrystal:importAllArts", "f098880692526eb0"],
        ["CyberAlchemy.AgingEvolution transitive imports (legacy)",
         "092ab6b4d0218b1f"],
        ["CyberAlchemy.AgingEvolution:importAllArts", "bfec51fe9a1fbb46"],
        ["CyberAlchemy.Eigenstein transitive imports (legacy)",
         "10628da85815bcfd"],
        ["CyberAlchemy.Eigenstein:importAllArts", "be37b95799b58b78"],
        ["CyberAlchemy.EulerComposition transitive imports (legacy)",
         "00000000000006bb"],
        ["CyberAlchemy.EulerComposition:importAllArts", "9993a793a5ee8afd"],
        ["CyberAlchemy.AntiSpoofing transitive imports (legacy)",
         "6ee7d5aabbf16d05"],
        ["CyberAlchemy.AntiSpoofing:importAllArts", "316daa3d0cae4563"],
        ["CyberAlchemy.LieAlgebra transitive imports (legacy)",
         "a9196c1524395191"],
        ["CyberAlchemy.LieAlgebra:importAllArts", "47e53a2b7ac732a5"],
        ["CyberAlchemy.TopologicalImaginary transitive imports (legacy)",
         "a9196c1524395191"],
        ["CyberAlchemy.TopologicalImaginary:importAllArts", "8f3b9f79e9e720f9"],
        ["CyberAlchemy.SharedLatentSpace transitive imports (legacy)",
         "48f367661d8b5dfa"],
        ["CyberAlchemy.SharedLatentSpace:importAllArts", "68cf36c01c830fe8"],
        ["CyberAlchemy.ProtorealFFT transitive imports (legacy)",
         "5902fb88e63981fb"],
        ["CyberAlchemy.ProtorealFFT:importAllArts", "39584cf818cde453"],
        ["CyberAlchemy.EulersCradle transitive imports (legacy)",
         "4a3d9dc9edfcb8b4"],
        ["CyberAlchemy.EulersCradle:importAllArts", "1cc7f5d0cf1bc9e2"],
        ["CyberAlchemy.CradleContinuation transitive imports (legacy)",
         "b751786958767860"],
        ["CyberAlchemy.CradleContinuation:importAllArts", "0f94d5e41469f3cc"],
        ["CyberAlchemy.ObservationalAperture transitive imports (legacy)",
         "cdd585e73b12222f"],
        ["CyberAlchemy.ObservationalAperture:importAllArts",
         "724b0e8119b1d4db"],
        ["CyberAlchemy.HolographicCollapse transitive imports (legacy)",
         "911d9bd9cf4134e7"],
        ["CyberAlchemy.HolographicCollapse:importAllArts", "935a0f32c637dea8"],
        ["CyberAlchemy.MetaMem transitive imports (legacy)",
         "f8fb69c367ffde5a"],
        ["CyberAlchemy.MetaMem:importAllArts", "83932433865b5a0e"],
        ["CyberAlchemy.LangSemantics transitive imports (legacy)",
         "2a7927e29cf2ee11"],
        ["CyberAlchemy.LangSemantics:importAllArts", "62b01853dc1074d2"],
        ["CyberAlchemy.BorrowObserver transitive imports (legacy)",
         "c9204bdb73daa094"],
        ["CyberAlchemy.BorrowObserver:importAllArts", "00c3639d66f7393b"],
        ["CyberAlchemy.AgenticKeychain transitive imports (legacy)",
         "15f3f739db4ddda5"],
        ["CyberAlchemy.AgenticKeychain:importAllArts", "fa03c87f1b235aaf"],
        ["CyberAlchemy.EmotionalLFunctions transitive imports (legacy)",
         "7e1356bf724adab1"],
        ["CyberAlchemy.EmotionalLFunctions:importAllArts", "a8a5c8d509553363"],
        ["CyberAlchemy.EmotionalSecurity transitive imports (legacy)",
         "657af14d3b85db4c"],
        ["CyberAlchemy.EmotionalSecurity:importAllArts", "1d33eeca17bd5107"],
        ["CyberAlchemy.GrandUnification transitive imports (legacy)",
         "379ceae5dd4c8d5f"],
        ["CyberAlchemy.GrandUnification:importAllArts", "f1c12697cfb4ebd5"],
        ["CyberAlchemy.MicrotransformerEfficiency transitive imports (legacy)",
         "2ea6d138e8ed5b9c"],
        ["CyberAlchemy.MicrotransformerEfficiency:importAllArts",
         "22332cce55e7b37f"],
        ["CyberAlchemy.Apoptosis transitive imports (legacy)",
         "4f2dddd9e50c638f"],
        ["CyberAlchemy.Apoptosis:importAllArts", "dfb30fdaf6577ef2"],
        ["CyberAlchemy.NewtonianWeave transitive imports (legacy)",
         "2888e951103a3444"],
        ["CyberAlchemy.NewtonianWeave:importAllArts", "4d0aec752c867311"],
        ["CyberAlchemy.CyberneticActionReaction transitive imports (legacy)",
         "449e7c196458e5d0"],
        ["CyberAlchemy.CyberneticActionReaction:importAllArts",
         "60616a37495bf0df"],
        ["CyberAlchemy.CyberneticElectromagnetism transitive imports (legacy)",
         "86125b3976f0c615"],
        ["CyberAlchemy.CyberneticElectromagnetism:importAllArts",
         "1348a97c50c1d131"],
        ["CyberAlchemy.CyberneticChemistry transitive imports (legacy)",
         "cd8669acfb132e94"],
        ["CyberAlchemy.CyberneticChemistry:importAllArts", "7bdcbf8caf1b46a0"],
        ["CyberAlchemy.CyberneticLife transitive imports (legacy)",
         "60266b826022a0b0"],
        ["CyberAlchemy.CyberneticLife:importAllArts", "76dfebb2082d2967"]]]]],
    ["libs",
     [["import dynlibs", "00000000000006bb"],
      ["package external libraries", "00000000000006bb"],
      ["module dynlibs", "00000000000006bb"],
      ["module plugins", "00000000000006bb"]]]]],
  ["Lean 4.29.1, commit f72c35b3f637c8c6571d353742168ab66cc22c00",
   "fa77a35a41db35c0"],
  ["/home/phrxmaz/Documents/CyberAlchemy/CyberAlchemy/Basic.lean",
   "579b6db77554483e"],
  ["options",
   [["-DrelaxedAutoImplicit=false", "74a2b5546b55be80"],
    ["-Dpp.unicode.fun=true", "9b94070140457fab"]]],
  ["isModule: false", "feefd2a0d3a1847e"],
  ["Module.name: CyberAlchemy.Basic", "909beaac7d07dea4"],
  ["Package.id?: (some CyberAlchemy)", "145ff4c6b42a15f8"],
  ["Module.leanArgs: #[]", "00000000000006bb"]],
 "depHash": "25deba4e73ff1fde"}