{"synthetic": false,
 "schemaVersion": "2025-09-10",
 "outputs":
 {"o": ["408b4252c60f1ae7.olean"],
  "i": "400c620995bed887.ilean",
  "c": "fd033a55f5469b5e.c"},
 "log":
 [{"message":
   ".> LEAN_PATH=/home/phrxmaz/Documents/CyberAlchemy/.lake/packages/Cli/.lake/build/lib/lean:/home/phrxmaz/Documents/CyberAlchemy/.lake/packages/batteries/.lake/build/lib/lean:/home/phrxmaz/Documents/CyberAlchemy/.lake/packages/Qq/.lake/build/lib/lean:/home/phrxmaz/Documents/CyberAlchemy/.lake/packages/aesop/.lake/build/lib/lean:/home/phrxmaz/Documents/CyberAlchemy/.lake/packages/proofwidgets/.lake/build/lib/lean:/home/phrxmaz/Documents/CyberAlchemy/.lake/packages/importGraph/.lake/build/lib/lean:/home/phrxmaz/Documents/CyberAlchemy/.lake/packages/LeanSearchClient/.lake/build/lib/lean:/home/phrxmaz/Documents/CyberAlchemy/.lake/packages/plausible/.lake/build/lib/lean:/home/phrxmaz/Documents/CyberAlchemy/.lake/packages/mathlib/.lake/build/lib/lean:/home/phrxmaz/Documents/CyberAlchemy/.lake/build/lib/lean /home/phrxmaz/.elan/toolchains/leanprover--lean4---v4.29.1/bin/lean /home/phrxmaz/Documents/CyberAlchemy/CyberAlchemy/GaugeEmergence.lean -o /home/phrxmaz/Documents/CyberAlchemy/.lake/build/lib/lean/CyberAlchemy/GaugeEmergence.olean -i /home/phrxmaz/Documents/CyberAlchemy/.lake/build/lib/lean/CyberAlchemy/GaugeEmergence.ilean -c /home/phrxmaz/Documents/CyberAlchemy/.lake/build/ir/CyberAlchemy/GaugeEmergence.c --setup /home/phrxmaz/Documents/CyberAlchemy/.lake/build/ir/CyberAlchemy/GaugeEmergence.setup.json --json",
   "level": "trace"}],
 "inputs":
 [["CyberAlchemy.GaugeEmergence:deps",
   [["deps",
     [["CyberAlchemy/CyberAlchemy:extraDep",
       [["@CyberAlchemy:extraDep", "00000000000006bb"]]],
      ["imports",
       [["Mathlib.Data.Real.Basic transitive imports (legacy)",
         "dee90db6c6d9680f"],
        ["Mathlib.Data.Real.Basic:importAllArts", "1c59c2fc821ca43f"],
        ["Mathlib.Tactic.Linarith transitive imports (legacy)",
         "fc5bbb3899366fce"],
        ["Mathlib.Tactic.Linarith:importAllArts", "ec0a7bff9f2dd5e7"],
        ["Mathlib.Tactic.NormNum transitive imports (legacy)",
         "63f979dfce745c91"],
        ["Mathlib.Tactic.NormNum:importAllArts", "714c07957344bdb9"],
        ["CyberAlchemy.CyberBundle transitive imports (legacy)",
         "588e0eed6f3eb790"],
        ["CyberAlchemy.CyberBundle:importAllArts", "9749af0126bc2657"]]]]],
    ["libs",
     [["import dynlibs", "00000000000006bb"],
      ["package external libraries", "00000000000006bb"],
      ["module dynlibs", "00000000000006bb"],
      ["module plugins", "00000000000006bb"]]]]],
  ["Lean 4.29.1, commit f72c35b3f637c8c6571d353742168ab66cc22c00",
   "fa77a35a41db35c0"],
  ["/home/phrxmaz/Documents/CyberAlchemy/CyberAlchemy/GaugeEmergence.lean",
   "7b1337a18578c971"],
  ["options",
   [["-DrelaxedAutoImplicit=false", "74a2b5546b55be80"],
    ["-Dpp.unicode.fun=true", "9b94070140457fab"]]],
  ["isModule: false", "feefd2a0d3a1847e"],
  ["Module.name: CyberAlchemy.GaugeEmergence", "60fe68c23d961640"],
  ["Package.id?: (some CyberAlchemy)", "145ff4c6b42a15f8"],
  ["Module.leanArgs: #[]", "00000000000006bb"]],
 "depHash": "bd1a4a3c256764c5"}