{"synthetic": false,
 "schemaVersion": "2025-09-10",
 "outputs":
 {"o": ["52e25e0cba27017c.olean"],
  "i": "1d724e55c7924543.ilean",
  "c": "926d40d8745d0846.c"},
 "log":
 [{"message":
   ".> LEAN_PATH=/home/phrxmaz/Documents/CyberAlchemy/.lake/packages/Cli/.lake/build/lib/lean:/home/phrxmaz/Documents/CyberAlchemy/.lake/packages/batteries/.lake/build/lib/lean:/home/phrxmaz/Documents/CyberAlchemy/.lake/packages/Qq/.lake/build/lib/lean:/home/phrxmaz/Documents/CyberAlchemy/.lake/packages/aesop/.lake/build/lib/lean:/home/phrxmaz/Documents/CyberAlchemy/.lake/packages/proofwidgets/.lake/build/lib/lean:/home/phrxmaz/Documents/CyberAlchemy/.lake/packages/importGraph/.lake/build/lib/lean:/home/phrxmaz/Documents/CyberAlchemy/.lake/packages/LeanSearchClient/.lake/build/lib/lean:/home/phrxmaz/Documents/CyberAlchemy/.lake/packages/plausible/.lake/build/lib/lean:/home/phrxmaz/Documents/CyberAlchemy/.lake/packages/mathlib/.lake/build/lib/lean:/home/phrxmaz/Documents/CyberAlchemy/.lake/build/lib/lean /home/phrxmaz/.elan/toolchains/leanprover--lean4---v4.29.1/bin/lean /home/phrxmaz/Documents/CyberAlchemy/CyberAlchemy/HoloneticNS.lean -o /home/phrxmaz/Documents/CyberAlchemy/.lake/build/lib/lean/CyberAlchemy/HoloneticNS.olean -i /home/phrxmaz/Documents/CyberAlchemy/.lake/build/lib/lean/CyberAlchemy/HoloneticNS.ilean -c /home/phrxmaz/Documents/CyberAlchemy/.lake/build/ir/CyberAlchemy/HoloneticNS.c --setup /home/phrxmaz/Documents/CyberAlchemy/.lake/build/ir/CyberAlchemy/HoloneticNS.setup.json --json",
   "level": "trace"},
  {"message":
   "CyberAlchemy/HoloneticNS.lean:80:5: unused variable `h_bm`\n\nNote: This linter can be disabled with `set_option linter.unusedVariables false`",
   "level": "warning"},
  {"message":
   "CyberAlchemy/HoloneticNS.lean:81:5: unused variable `h_le`\n\nNote: This linter can be disabled with `set_option linter.unusedVariables false`",
   "level": "warning"}],
 "inputs":
 [["CyberAlchemy.HoloneticNS:deps",
   [["deps",
     [["CyberAlchemy/CyberAlchemy:extraDep",
       [["@CyberAlchemy:extraDep", "00000000000006bb"]]],
      ["imports",
       [["Mathlib.Data.Real.Basic transitive imports (legacy)",
         "dee90db6c6d9680f"],
        ["Mathlib.Data.Real.Basic:importAllArts", "1c59c2fc821ca43f"],
        ["Mathlib.Tactic.Ring transitive imports (legacy)", "958ab841006206c5"],
        ["Mathlib.Tactic.Ring:importAllArts", "c77ab52782adb525"],
        ["Mathlib.Tactic.NormNum transitive imports (legacy)",
         "63f979dfce745c91"],
        ["Mathlib.Tactic.NormNum:importAllArts", "714c07957344bdb9"],
        ["Mathlib.Tactic.Linarith transitive imports (legacy)",
         "fc5bbb3899366fce"],
        ["Mathlib.Tactic.Linarith:importAllArts", "ec0a7bff9f2dd5e7"],
        ["CyberAlchemy.ProtorealManifold transitive imports (legacy)",
         "509efa3bdd6d1033"],
        ["CyberAlchemy.ProtorealManifold:importAllArts", "310dc4ddc461099f"],
        ["CyberAlchemy.MassGap transitive imports (legacy)",
         "6d734bce4b062b0c"],
        ["CyberAlchemy.MassGap:importAllArts", "3faa948dd069ecbd"],
        ["CyberAlchemy.CommutatorGap transitive imports (legacy)",
         "63abf363b297c668"],
        ["CyberAlchemy.CommutatorGap:importAllArts", "d619983115d20752"],
        ["CyberAlchemy.ProtorealMandelbrot transitive imports (legacy)",
         "3f3979d2c3cdefd8"],
        ["CyberAlchemy.ProtorealMandelbrot:importAllArts",
         "6adf690d099569be"]]]]],
    ["libs",
     [["import dynlibs", "00000000000006bb"],
      ["package external libraries", "00000000000006bb"],
      ["module dynlibs", "00000000000006bb"],
      ["module plugins", "00000000000006bb"]]]]],
  ["Lean 4.29.1, commit f72c35b3f637c8c6571d353742168ab66cc22c00",
   "fa77a35a41db35c0"],
  ["/home/phrxmaz/Documents/CyberAlchemy/CyberAlchemy/HoloneticNS.lean",
   "8ccfe37a4889d448"],
  ["options",
   [["-DrelaxedAutoImplicit=false", "74a2b5546b55be80"],
    ["-Dpp.unicode.fun=true", "9b94070140457fab"]]],
  ["isModule: false", "feefd2a0d3a1847e"],
  ["Module.name: CyberAlchemy.HoloneticNS", "c9d20eca0e8e191c"],
  ["Package.id?: (some CyberAlchemy)", "145ff4c6b42a15f8"],
  ["Module.leanArgs: #[]", "00000000000006bb"]],
 "depHash": "c80fece6249227ce"}