{"synthetic": false,
 "schemaVersion": "2025-09-10",
 "outputs":
 {"o": ["c9ea81c5c3743f17.olean"],
  "i": "ebda3aec7dfe210f.ilean",
  "c": "b3fa957f2aed6f81.c"},
 "log":
 [{"message":
   ".> LEAN_PATH=/home/phrxmaz/Documents/CyberAlchemy/.lake/packages/Cli/.lake/build/lib/lean:/home/phrxmaz/Documents/CyberAlchemy/.lake/packages/batteries/.lake/build/lib/lean:/home/phrxmaz/Documents/CyberAlchemy/.lake/packages/Qq/.lake/build/lib/lean:/home/phrxmaz/Documents/CyberAlchemy/.lake/packages/aesop/.lake/build/lib/lean:/home/phrxmaz/Documents/CyberAlchemy/.lake/packages/proofwidgets/.lake/build/lib/lean:/home/phrxmaz/Documents/CyberAlchemy/.lake/packages/importGraph/.lake/build/lib/lean:/home/phrxmaz/Documents/CyberAlchemy/.lake/packages/LeanSearchClient/.lake/build/lib/lean:/home/phrxmaz/Documents/CyberAlchemy/.lake/packages/plausible/.lake/build/lib/lean:/home/phrxmaz/Documents/CyberAlchemy/.lake/packages/mathlib/.lake/build/lib/lean:/home/phrxmaz/Documents/CyberAlchemy/.lake/build/lib/lean /home/phrxmaz/.elan/toolchains/leanprover--lean4---v4.29.1/bin/lean /home/phrxmaz/Documents/CyberAlchemy/CyberAlchemy/HyperoperationalMechanics.lean -o /home/phrxmaz/Documents/CyberAlchemy/.lake/build/lib/lean/CyberAlchemy/HyperoperationalMechanics.olean -i /home/phrxmaz/Documents/CyberAlchemy/.lake/build/lib/lean/CyberAlchemy/HyperoperationalMechanics.ilean -c /home/phrxmaz/Documents/CyberAlchemy/.lake/build/ir/CyberAlchemy/HyperoperationalMechanics.c --setup /home/phrxmaz/Documents/CyberAlchemy/.lake/build/ir/CyberAlchemy/HyperoperationalMechanics.setup.json --json",
   "level": "trace"},
  {"message":
   "CyberAlchemy/HyperoperationalMechanics.lean:24:27: unused variable `u`\n\nNote: This linter can be disabled with `set_option linter.unusedVariables false`",
   "level": "warning"}],
 "inputs":
 [["CyberAlchemy.HyperoperationalMechanics:deps",
   [["deps",
     [["CyberAlchemy/CyberAlchemy:extraDep",
       [["@CyberAlchemy:extraDep", "00000000000006bb"]]],
      ["imports",
       [["CyberAlchemy.HolographicCollapse transitive imports (legacy)",
         "911d9bd9cf4134e7"],
        ["CyberAlchemy.HolographicCollapse:importAllArts", "935a0f32c637dea8"],
        ["CyberAlchemy.FrenetSerretCybernetics transitive imports (legacy)",
         "b4740d466386373b"],
        ["CyberAlchemy.FrenetSerretCybernetics:importAllArts",
         "a825919ff8e279c5"],
        ["CyberAlchemy.UmbralCollapse transitive imports (legacy)",
         "1d309cb9a18421e6"],
        ["CyberAlchemy.UmbralCollapse:importAllArts", "12aa0c263d8adfb2"],
        ["CyberAlchemy.TopologicalFirewall transitive imports (legacy)",
         "a2a277888829aac5"],
        ["CyberAlchemy.TopologicalFirewall:importAllArts",
         "3fba733da23993ae"]]]]],
    ["libs",
     [["import dynlibs", "00000000000006bb"],
      ["package external libraries", "00000000000006bb"],
      ["module dynlibs", "00000000000006bb"],
      ["module plugins", "00000000000006bb"]]]]],
  ["Lean 4.29.1, commit f72c35b3f637c8c6571d353742168ab66cc22c00",
   "fa77a35a41db35c0"],
  ["/home/phrxmaz/Documents/CyberAlchemy/CyberAlchemy/HyperoperationalMechanics.lean",
   "0102b1ed79805d63"],
  ["options",
   [["-DrelaxedAutoImplicit=false", "74a2b5546b55be80"],
    ["-Dpp.unicode.fun=true", "9b94070140457fab"]]],
  ["isModule: false", "feefd2a0d3a1847e"],
  ["Module.name: CyberAlchemy.HyperoperationalMechanics", "d1b6dd8f8576d99f"],
  ["Package.id?: (some CyberAlchemy)", "145ff4c6b42a15f8"],
  ["Module.leanArgs: #[]", "00000000000006bb"]],
 "depHash": "d8a12c11412cfcec"}