{"synthetic": false,
 "schemaVersion": "2025-09-10",
 "outputs":
 {"o": ["f3a7152372044b66.olean"],
  "i": "2b58dbd65c97a0ae.ilean",
  "c": "aa3f52d2be929f62.c"},
 "log":
 [{"message":
   ".> LEAN_PATH=/home/phrxmaz/Documents/CyberAlchemy/.lake/packages/Cli/.lake/build/lib/lean:/home/phrxmaz/Documents/CyberAlchemy/.lake/packages/batteries/.lake/build/lib/lean:/home/phrxmaz/Documents/CyberAlchemy/.lake/packages/Qq/.lake/build/lib/lean:/home/phrxmaz/Documents/CyberAlchemy/.lake/packages/aesop/.lake/build/lib/lean:/home/phrxmaz/Documents/CyberAlchemy/.lake/packages/proofwidgets/.lake/build/lib/lean:/home/phrxmaz/Documents/CyberAlchemy/.lake/packages/importGraph/.lake/build/lib/lean:/home/phrxmaz/Documents/CyberAlchemy/.lake/packages/LeanSearchClient/.lake/build/lib/lean:/home/phrxmaz/Documents/CyberAlchemy/.lake/packages/plausible/.lake/build/lib/lean:/home/phrxmaz/Documents/CyberAlchemy/.lake/packages/mathlib/.lake/build/lib/lean:/home/phrxmaz/Documents/CyberAlchemy/.lake/build/lib/lean /home/phrxmaz/.elan/toolchains/leanprover--lean4---v4.29.1/bin/lean /home/phrxmaz/Documents/CyberAlchemy/CyberAlchemy/InfotonThermodynamics.lean -o /home/phrxmaz/Documents/CyberAlchemy/.lake/build/lib/lean/CyberAlchemy/InfotonThermodynamics.olean -i /home/phrxmaz/Documents/CyberAlchemy/.lake/build/lib/lean/CyberAlchemy/InfotonThermodynamics.ilean -c /home/phrxmaz/Documents/CyberAlchemy/.lake/build/ir/CyberAlchemy/InfotonThermodynamics.c --setup /home/phrxmaz/Documents/CyberAlchemy/.lake/build/ir/CyberAlchemy/InfotonThermodynamics.setup.json --json",
   "level": "trace"}],
 "inputs":
 [["CyberAlchemy.InfotonThermodynamics:deps",
   [["deps",
     [["CyberAlchemy/CyberAlchemy:extraDep",
       [["@CyberAlchemy:extraDep", "00000000000006bb"]]],
      ["imports",
       [["CyberAlchemy.ProtorealManifold transitive imports (legacy)",
         "509efa3bdd6d1033"],
        ["CyberAlchemy.ProtorealManifold:importAllArts", "310dc4ddc461099f"],
        ["CyberAlchemy.GlialDopant transitive imports (legacy)",
         "afda97d8a729d710"],
        ["CyberAlchemy.GlialDopant:importAllArts", "8bf0b520ad873a2c"],
        ["CyberAlchemy.BitCollapse transitive imports (legacy)",
         "d0cd7fa009a9bc5b"],
        ["CyberAlchemy.BitCollapse:importAllArts", "ba15db1955acda9b"],
        ["CyberAlchemy.MonsterInverse transitive imports (legacy)",
         "f2e720a49f4e007c"],
        ["CyberAlchemy.MonsterInverse:importAllArts", "74390d1553017da4"],
        ["CyberAlchemy.SuperJetSheaf transitive imports (legacy)",
         "ad8b4353545f5fe1"],
        ["CyberAlchemy.SuperJetSheaf:importAllArts", "53e706f8153c6dd8"],
        ["CyberAlchemy.FractalHodge transitive imports (legacy)",
         "c857449ff5f50e59"],
        ["CyberAlchemy.FractalHodge:importAllArts", "e55de4b76e495eea"],
        ["Mathlib.Data.Real.Basic transitive imports (legacy)",
         "dee90db6c6d9680f"],
        ["Mathlib.Data.Real.Basic:importAllArts", "1c59c2fc821ca43f"]]]]],
    ["libs",
     [["import dynlibs", "00000000000006bb"],
      ["package external libraries", "00000000000006bb"],
      ["module dynlibs", "00000000000006bb"],
      ["module plugins", "00000000000006bb"]]]]],
  ["Lean 4.29.1, commit f72c35b3f637c8c6571d353742168ab66cc22c00",
   "fa77a35a41db35c0"],
  ["/home/phrxmaz/Documents/CyberAlchemy/CyberAlchemy/InfotonThermodynamics.lean",
   "d87073cb5ce5fa6a"],
  ["options",
   [["-DrelaxedAutoImplicit=false", "74a2b5546b55be80"],
    ["-Dpp.unicode.fun=true", "9b94070140457fab"]]],
  ["isModule: false", "feefd2a0d3a1847e"],
  ["Module.name: CyberAlchemy.InfotonThermodynamics", "17df1c7cb5585795"],
  ["Package.id?: (some CyberAlchemy)", "145ff4c6b42a15f8"],
  ["Module.leanArgs: #[]", "00000000000006bb"]],
 "depHash": "a40446b1b16f8e13"}