{"synthetic": false,
 "schemaVersion": "2025-09-10",
 "outputs":
 {"o": ["dd358dcb1562ff74.olean"],
  "i": "31839e5cb17f510a.ilean",
  "c": "68592253fa183dd6.c"},
 "log":
 [{"message":
   ".> LEAN_PATH=/home/phrxmaz/Documents/CyberAlchemy/.lake/packages/Cli/.lake/build/lib/lean:/home/phrxmaz/Documents/CyberAlchemy/.lake/packages/batteries/.lake/build/lib/lean:/home/phrxmaz/Documents/CyberAlchemy/.lake/packages/Qq/.lake/build/lib/lean:/home/phrxmaz/Documents/CyberAlchemy/.lake/packages/aesop/.lake/build/lib/lean:/home/phrxmaz/Documents/CyberAlchemy/.lake/packages/proofwidgets/.lake/build/lib/lean:/home/phrxmaz/Documents/CyberAlchemy/.lake/packages/importGraph/.lake/build/lib/lean:/home/phrxmaz/Documents/CyberAlchemy/.lake/packages/LeanSearchClient/.lake/build/lib/lean:/home/phrxmaz/Documents/CyberAlchemy/.lake/packages/plausible/.lake/build/lib/lean:/home/phrxmaz/Documents/CyberAlchemy/.lake/packages/mathlib/.lake/build/lib/lean:/home/phrxmaz/Documents/CyberAlchemy/.lake/build/lib/lean /home/phrxmaz/.elan/toolchains/leanprover--lean4---v4.29.1/bin/lean /home/phrxmaz/Documents/CyberAlchemy/CyberAlchemy/Invariance.lean -o /home/phrxmaz/Documents/CyberAlchemy/.lake/build/lib/lean/CyberAlchemy/Invariance.olean -i /home/phrxmaz/Documents/CyberAlchemy/.lake/build/lib/lean/CyberAlchemy/Invariance.ilean -c /home/phrxmaz/Documents/CyberAlchemy/.lake/build/ir/CyberAlchemy/Invariance.c --setup /home/phrxmaz/Documents/CyberAlchemy/.lake/build/ir/CyberAlchemy/Invariance.setup.json --json",
   "level": "trace"}],
 "inputs":
 [["CyberAlchemy.Invariance:deps",
   [["deps",
     [["CyberAlchemy/CyberAlchemy:extraDep",
       [["@CyberAlchemy:extraDep", "00000000000006bb"]]],
      ["imports",
       [["CyberAlchemy.PentagonCoherence transitive imports (legacy)",
         "1dc78fe189d3f3a1"],
        ["CyberAlchemy.PentagonCoherence:importAllArts", "af51b04766d543db"],
        ["CyberAlchemy.Rigidity transitive imports (legacy)",
         "460dad18e72a757b"],
        ["CyberAlchemy.Rigidity:importAllArts", "7ca8019dafe2e16e"],
        ["CyberAlchemy.FusionRing transitive imports (legacy)",
         "ab1d013603ecbfb4"],
        ["CyberAlchemy.FusionRing:importAllArts", "79f8877824a7a6a7"],
        ["CyberAlchemy.Semisimple transitive imports (legacy)",
         "52a71afcffa39a91"],
        ["CyberAlchemy.Semisimple:importAllArts", "c216e9573e446b75"],
        ["CyberAlchemy.EulerPerception transitive imports (legacy)",
         "ffa124cfd2f234ca"],
        ["CyberAlchemy.EulerPerception:importAllArts", "ab8dc4e7a800d40a"],
        ["CyberAlchemy.CommutatorGap transitive imports (legacy)",
         "63abf363b297c668"],
        ["CyberAlchemy.CommutatorGap:importAllArts", "d619983115d20752"],
        ["CyberAlchemy.MassGap transitive imports (legacy)",
         "6d734bce4b062b0c"],
        ["CyberAlchemy.MassGap:importAllArts", "3faa948dd069ecbd"],
        ["CyberAlchemy.StructuralHeterogeneity transitive imports (legacy)",
         "387ac9cacfc70ca7"],
        ["CyberAlchemy.StructuralHeterogeneity:importAllArts",
         "3a8871cafdd15183"],
        ["CyberAlchemy.HodgeConjecture transitive imports (legacy)",
         "912f5653d2b94c2d"],
        ["CyberAlchemy.HodgeConjecture:importAllArts", "24211f527bd1dfbc"],
        ["CyberAlchemy.MayerVietoris transitive imports (legacy)",
         "12c4e88a12266af1"],
        ["CyberAlchemy.MayerVietoris:importAllArts", "43453f2bee55aeb1"]]]]],
    ["libs",
     [["import dynlibs", "00000000000006bb"],
      ["package external libraries", "00000000000006bb"],
      ["module dynlibs", "00000000000006bb"],
      ["module plugins", "00000000000006bb"]]]]],
  ["Lean 4.29.1, commit f72c35b3f637c8c6571d353742168ab66cc22c00",
   "fa77a35a41db35c0"],
  ["/home/phrxmaz/Documents/CyberAlchemy/CyberAlchemy/Invariance.lean",
   "51c0e29ad0543709"],
  ["options",
   [["-DrelaxedAutoImplicit=false", "74a2b5546b55be80"],
    ["-Dpp.unicode.fun=true", "9b94070140457fab"]]],
  ["isModule: false", "feefd2a0d3a1847e"],
  ["Module.name: CyberAlchemy.Invariance", "a660bb002e02f46f"],
  ["Package.id?: (some CyberAlchemy)", "145ff4c6b42a15f8"],
  ["Module.leanArgs: #[]", "00000000000006bb"]],
 "depHash": "b95cabeba8fecd5f"}