{"synthetic": false,
 "schemaVersion": "2025-09-10",
 "outputs":
 {"o": ["1ed0ff3e06365c11.olean"],
  "i": "e4cae98c757a8f02.ilean",
  "c": "067f385212ec809c.c"},
 "log":
 [{"message":
   ".> LEAN_PATH=/home/phrxmaz/Documents/CyberAlchemy/.lake/packages/Cli/.lake/build/lib/lean:/home/phrxmaz/Documents/CyberAlchemy/.lake/packages/batteries/.lake/build/lib/lean:/home/phrxmaz/Documents/CyberAlchemy/.lake/packages/Qq/.lake/build/lib/lean:/home/phrxmaz/Documents/CyberAlchemy/.lake/packages/aesop/.lake/build/lib/lean:/home/phrxmaz/Documents/CyberAlchemy/.lake/packages/proofwidgets/.lake/build/lib/lean:/home/phrxmaz/Documents/CyberAlchemy/.lake/packages/importGraph/.lake/build/lib/lean:/home/phrxmaz/Documents/CyberAlchemy/.lake/packages/LeanSearchClient/.lake/build/lib/lean:/home/phrxmaz/Documents/CyberAlchemy/.lake/packages/plausible/.lake/build/lib/lean:/home/phrxmaz/Documents/CyberAlchemy/.lake/packages/mathlib/.lake/build/lib/lean:/home/phrxmaz/Documents/CyberAlchemy/.lake/build/lib/lean /home/phrxmaz/.elan/toolchains/leanprover--lean4---v4.29.1/bin/lean /home/phrxmaz/Documents/CyberAlchemy/CyberAlchemy/KamaTrain.lean -o /home/phrxmaz/Documents/CyberAlchemy/.lake/build/lib/lean/CyberAlchemy/KamaTrain.olean -i /home/phrxmaz/Documents/CyberAlchemy/.lake/build/lib/lean/CyberAlchemy/KamaTrain.ilean -c /home/phrxmaz/Documents/CyberAlchemy/.lake/build/ir/CyberAlchemy/KamaTrain.c --setup /home/phrxmaz/Documents/CyberAlchemy/.lake/build/ir/CyberAlchemy/KamaTrain.setup.json --json",
   "level": "trace"}],
 "inputs":
 [["CyberAlchemy.KamaTrain:deps",
   [["deps",
     [["CyberAlchemy/CyberAlchemy:extraDep",
       [["@CyberAlchemy:extraDep", "00000000000006bb"]]],
      ["imports",
       [["CyberAlchemy.MonsterInverse transitive imports (legacy)",
         "f2e720a49f4e007c"],
        ["CyberAlchemy.MonsterInverse:importAllArts", "74390d1553017da4"],
        ["CyberAlchemy.GlialDopant transitive imports (legacy)",
         "afda97d8a729d710"],
        ["CyberAlchemy.GlialDopant:importAllArts", "8bf0b520ad873a2c"],
        ["CyberAlchemy.SafetyBounds transitive imports (legacy)",
         "c3d1991988a02bea"],
        ["CyberAlchemy.SafetyBounds:importAllArts", "f03b42815e20ffbe"],
        ["CyberAlchemy.TranscendentalBasis transitive imports (legacy)",
         "117d9e20ab58827e"],
        ["CyberAlchemy.TranscendentalBasis:importAllArts",
         "05d6b4e2e9bd3969"]]]]],
    ["libs",
     [["import dynlibs", "00000000000006bb"],
      ["package external libraries", "00000000000006bb"],
      ["module dynlibs", "00000000000006bb"],
      ["module plugins", "00000000000006bb"]]]]],
  ["Lean 4.29.1, commit f72c35b3f637c8c6571d353742168ab66cc22c00",
   "fa77a35a41db35c0"],
  ["/home/phrxmaz/Documents/CyberAlchemy/CyberAlchemy/KamaTrain.lean",
   "8f036295b7faaf8b"],
  ["options",
   [["-DrelaxedAutoImplicit=false", "74a2b5546b55be80"],
    ["-Dpp.unicode.fun=true", "9b94070140457fab"]]],
  ["isModule: false", "feefd2a0d3a1847e"],
  ["Module.name: CyberAlchemy.KamaTrain", "c36af4ad7b796292"],
  ["Package.id?: (some CyberAlchemy)", "145ff4c6b42a15f8"],
  ["Module.leanArgs: #[]", "00000000000006bb"]],
 "depHash": "5d7f6c9581fb172d"}