{"synthetic": false,
 "schemaVersion": "2025-09-10",
 "outputs":
 {"o": ["00db4a492e00aa41.olean"],
  "i": "316fdd67b6c0ce36.ilean",
  "c": "cd906cc391216cd6.c"},
 "log":
 [{"message":
   ".> LEAN_PATH=/home/phrxmaz/Documents/CyberAlchemy/.lake/packages/Cli/.lake/build/lib/lean:/home/phrxmaz/Documents/CyberAlchemy/.lake/packages/batteries/.lake/build/lib/lean:/home/phrxmaz/Documents/CyberAlchemy/.lake/packages/Qq/.lake/build/lib/lean:/home/phrxmaz/Documents/CyberAlchemy/.lake/packages/aesop/.lake/build/lib/lean:/home/phrxmaz/Documents/CyberAlchemy/.lake/packages/proofwidgets/.lake/build/lib/lean:/home/phrxmaz/Documents/CyberAlchemy/.lake/packages/importGraph/.lake/build/lib/lean:/home/phrxmaz/Documents/CyberAlchemy/.lake/packages/LeanSearchClient/.lake/build/lib/lean:/home/phrxmaz/Documents/CyberAlchemy/.lake/packages/plausible/.lake/build/lib/lean:/home/phrxmaz/Documents/CyberAlchemy/.lake/packages/mathlib/.lake/build/lib/lean:/home/phrxmaz/Documents/CyberAlchemy/.lake/build/lib/lean /home/phrxmaz/.elan/toolchains/leanprover--lean4---v4.29.1/bin/lean /home/phrxmaz/Documents/CyberAlchemy/CyberAlchemy/KleinAlgebra.lean -o /home/phrxmaz/Documents/CyberAlchemy/.lake/build/lib/lean/CyberAlchemy/KleinAlgebra.olean -i /home/phrxmaz/Documents/CyberAlchemy/.lake/build/lib/lean/CyberAlchemy/KleinAlgebra.ilean -c /home/phrxmaz/Documents/CyberAlchemy/.lake/build/ir/CyberAlchemy/KleinAlgebra.c --setup /home/phrxmaz/Documents/CyberAlchemy/.lake/build/ir/CyberAlchemy/KleinAlgebra.setup.json --json",
   "level": "trace"},
  {"message":
   "CyberAlchemy/KleinAlgebra.lean:18:36: 'ring' tactic does nothing\n\nNote: This linter can be disabled with `set_option linter.unusedTactic false`",
   "level": "warning"},
  {"message":
   "CyberAlchemy/KleinAlgebra.lean:18:36: this tactic is never executed\n\nNote: This linter can be disabled with `set_option linter.unreachableTactic false`",
   "level": "warning"},
  {"message":
   "CyberAlchemy/KleinAlgebra.lean:23:35: 'ring' tactic does nothing\n\nNote: This linter can be disabled with `set_option linter.unusedTactic false`",
   "level": "warning"},
  {"message":
   "CyberAlchemy/KleinAlgebra.lean:23:35: this tactic is never executed\n\nNote: This linter can be disabled with `set_option linter.unreachableTactic false`",
   "level": "warning"},
  {"message":
   "CyberAlchemy/KleinAlgebra.lean:28:41: 'ring' tactic does nothing\n\nNote: This linter can be disabled with `set_option linter.unusedTactic false`",
   "level": "warning"},
  {"message":
   "CyberAlchemy/KleinAlgebra.lean:28:41: this tactic is never executed\n\nNote: This linter can be disabled with `set_option linter.unreachableTactic false`",
   "level": "warning"},
  {"message":
   "CyberAlchemy/KleinAlgebra.lean:33:38: 'ring' tactic does nothing\n\nNote: This linter can be disabled with `set_option linter.unusedTactic false`",
   "level": "warning"},
  {"message":
   "CyberAlchemy/KleinAlgebra.lean:33:38: this tactic is never executed\n\nNote: This linter can be disabled with `set_option linter.unreachableTactic false`",
   "level": "warning"},
  {"message":
   "CyberAlchemy/KleinAlgebra.lean:41:33: 'ring' tactic does nothing\n\nNote: This linter can be disabled with `set_option linter.unusedTactic false`",
   "level": "warning"},
  {"message":
   "CyberAlchemy/KleinAlgebra.lean:41:33: this tactic is never executed\n\nNote: This linter can be disabled with `set_option linter.unreachableTactic false`",
   "level": "warning"},
  {"message":
   "CyberAlchemy/KleinAlgebra.lean:41:20: Used `tac1 <;> tac2` where `(tac1; tac2)` would suffice\n\nNote: This linter can be disabled with `set_option linter.unnecessarySeqFocus false`",
   "level": "warning"},
  {"message":
   "CyberAlchemy/KleinAlgebra.lean:46:30: 'ring' tactic does nothing\n\nNote: This linter can be disabled with `set_option linter.unusedTactic false`",
   "level": "warning"},
  {"message":
   "CyberAlchemy/KleinAlgebra.lean:46:30: this tactic is never executed\n\nNote: This linter can be disabled with `set_option linter.unreachableTactic false`",
   "level": "warning"},
  {"message":
   "CyberAlchemy/KleinAlgebra.lean:46:17: Used `tac1 <;> tac2` where `(tac1; tac2)` would suffice\n\nNote: This linter can be disabled with `set_option linter.unnecessarySeqFocus false`",
   "level": "warning"}],
 "inputs":
 [["CyberAlchemy.KleinAlgebra:deps",
   [["deps",
     [["CyberAlchemy/CyberAlchemy:extraDep",
       [["@CyberAlchemy:extraDep", "00000000000006bb"]]],
      ["imports",
       [["CyberAlchemy.Basic transitive imports (legacy)", "1a7fb5153a0c7cc6"],
        ["CyberAlchemy.Basic:importAllArts", "8943365e0b68b91e"]]]]],
    ["libs",
     [["import dynlibs", "00000000000006bb"],
      ["package external libraries", "00000000000006bb"],
      ["module dynlibs", "00000000000006bb"],
      ["module plugins", "00000000000006bb"]]]]],
  ["Lean 4.29.1, commit f72c35b3f637c8c6571d353742168ab66cc22c00",
   "fa77a35a41db35c0"],
  ["/home/phrxmaz/Documents/CyberAlchemy/CyberAlchemy/KleinAlgebra.lean",
   "87433ed20bb86078"],
  ["options",
   [["-DrelaxedAutoImplicit=false", "74a2b5546b55be80"],
    ["-Dpp.unicode.fun=true", "9b94070140457fab"]]],
  ["isModule: false", "feefd2a0d3a1847e"],
  ["Module.name: CyberAlchemy.KleinAlgebra", "4e9f83916e358454"],
  ["Package.id?: (some CyberAlchemy)", "145ff4c6b42a15f8"],
  ["Module.leanArgs: #[]", "00000000000006bb"]],
 "depHash": "37c565e35caab662"}