{"synthetic": false,
 "schemaVersion": "2025-09-10",
 "outputs":
 {"o": ["b2cd03feea47ef00.olean"],
  "i": "74f41f57ebe18b35.ilean",
  "c": "2cb19054519264bc.c"},
 "log":
 [{"message":
   ".> LEAN_PATH=/home/phrxmaz/Documents/CyberAlchemy/.lake/packages/Cli/.lake/build/lib/lean:/home/phrxmaz/Documents/CyberAlchemy/.lake/packages/batteries/.lake/build/lib/lean:/home/phrxmaz/Documents/CyberAlchemy/.lake/packages/Qq/.lake/build/lib/lean:/home/phrxmaz/Documents/CyberAlchemy/.lake/packages/aesop/.lake/build/lib/lean:/home/phrxmaz/Documents/CyberAlchemy/.lake/packages/proofwidgets/.lake/build/lib/lean:/home/phrxmaz/Documents/CyberAlchemy/.lake/packages/importGraph/.lake/build/lib/lean:/home/phrxmaz/Documents/CyberAlchemy/.lake/packages/LeanSearchClient/.lake/build/lib/lean:/home/phrxmaz/Documents/CyberAlchemy/.lake/packages/plausible/.lake/build/lib/lean:/home/phrxmaz/Documents/CyberAlchemy/.lake/packages/mathlib/.lake/build/lib/lean:/home/phrxmaz/Documents/CyberAlchemy/.lake/build/lib/lean /home/phrxmaz/.elan/toolchains/leanprover--lean4---v4.29.1/bin/lean /home/phrxmaz/Documents/CyberAlchemy/CyberAlchemy/LangSemantics.lean -o /home/phrxmaz/Documents/CyberAlchemy/.lake/build/lib/lean/CyberAlchemy/LangSemantics.olean -i /home/phrxmaz/Documents/CyberAlchemy/.lake/build/lib/lean/CyberAlchemy/LangSemantics.ilean -c /home/phrxmaz/Documents/CyberAlchemy/.lake/build/ir/CyberAlchemy/LangSemantics.c --setup /home/phrxmaz/Documents/CyberAlchemy/.lake/build/ir/CyberAlchemy/LangSemantics.setup.json --json",
   "level": "trace"}],
 "inputs":
 [["CyberAlchemy.LangSemantics:deps",
   [["deps",
     [["CyberAlchemy/CyberAlchemy:extraDep",
       [["@CyberAlchemy:extraDep", "00000000000006bb"]]],
      ["imports",
       [["Mathlib.Data.Real.Basic transitive imports (legacy)",
         "dee90db6c6d9680f"],
        ["Mathlib.Data.Real.Basic:importAllArts", "1c59c2fc821ca43f"],
        ["CyberAlchemy.ProtorealManifold transitive imports (legacy)",
         "509efa3bdd6d1033"],
        ["CyberAlchemy.ProtorealManifold:importAllArts", "310dc4ddc461099f"],
        ["CyberAlchemy.ProtorealNorm transitive imports (legacy)",
         "e2df078b47d23a60"],
        ["CyberAlchemy.ProtorealNorm:importAllArts", "7af8c64f79cefe9f"],
        ["CyberAlchemy.ProtorealGraph transitive imports (legacy)",
         "25378c7082eb0602"],
        ["CyberAlchemy.ProtorealGraph:importAllArts", "6581a5e57472509a"]]]]],
    ["libs",
     [["import dynlibs", "00000000000006bb"],
      ["package external libraries", "00000000000006bb"],
      ["module dynlibs", "00000000000006bb"],
      ["module plugins", "00000000000006bb"]]]]],
  ["Lean 4.29.1, commit f72c35b3f637c8c6571d353742168ab66cc22c00",
   "fa77a35a41db35c0"],
  ["/home/phrxmaz/Documents/CyberAlchemy/CyberAlchemy/LangSemantics.lean",
   "9ffe4abb1d5d4133"],
  ["options",
   [["-DrelaxedAutoImplicit=false", "74a2b5546b55be80"],
    ["-Dpp.unicode.fun=true", "9b94070140457fab"]]],
  ["isModule: false", "feefd2a0d3a1847e"],
  ["Module.name: CyberAlchemy.LangSemantics", "6dc86d5fc425f31d"],
  ["Package.id?: (some CyberAlchemy)", "145ff4c6b42a15f8"],
  ["Module.leanArgs: #[]", "00000000000006bb"]],
 "depHash": "cb6b6a12d90b1d1c"}