{"synthetic": false,
 "schemaVersion": "2025-09-10",
 "outputs":
 {"o": ["e6e8859e683e3bc3.olean"],
  "i": "4e1948c6051c8103.ilean",
  "c": "665d1162290b075d.c"},
 "log":
 [{"message":
   ".> LEAN_PATH=/home/phrxmaz/Documents/CyberAlchemy/.lake/packages/Cli/.lake/build/lib/lean:/home/phrxmaz/Documents/CyberAlchemy/.lake/packages/batteries/.lake/build/lib/lean:/home/phrxmaz/Documents/CyberAlchemy/.lake/packages/Qq/.lake/build/lib/lean:/home/phrxmaz/Documents/CyberAlchemy/.lake/packages/aesop/.lake/build/lib/lean:/home/phrxmaz/Documents/CyberAlchemy/.lake/packages/proofwidgets/.lake/build/lib/lean:/home/phrxmaz/Documents/CyberAlchemy/.lake/packages/importGraph/.lake/build/lib/lean:/home/phrxmaz/Documents/CyberAlchemy/.lake/packages/LeanSearchClient/.lake/build/lib/lean:/home/phrxmaz/Documents/CyberAlchemy/.lake/packages/plausible/.lake/build/lib/lean:/home/phrxmaz/Documents/CyberAlchemy/.lake/packages/mathlib/.lake/build/lib/lean:/home/phrxmaz/Documents/CyberAlchemy/.lake/build/lib/lean /home/phrxmaz/.elan/toolchains/leanprover--lean4---v4.29.1/bin/lean /home/phrxmaz/Documents/CyberAlchemy/CyberAlchemy/MetaBackpropagation.lean -o /home/phrxmaz/Documents/CyberAlchemy/.lake/build/lib/lean/CyberAlchemy/MetaBackpropagation.olean -i /home/phrxmaz/Documents/CyberAlchemy/.lake/build/lib/lean/CyberAlchemy/MetaBackpropagation.ilean -c /home/phrxmaz/Documents/CyberAlchemy/.lake/build/ir/CyberAlchemy/MetaBackpropagation.c --setup /home/phrxmaz/Documents/CyberAlchemy/.lake/build/ir/CyberAlchemy/MetaBackpropagation.setup.json --json",
   "level": "trace"}],
 "inputs":
 [["CyberAlchemy.MetaBackpropagation:deps",
   [["deps",
     [["CyberAlchemy/CyberAlchemy:extraDep",
       [["@CyberAlchemy:extraDep", "00000000000006bb"]]],
      ["imports",
       [["Mathlib.Data.Real.Basic transitive imports (legacy)",
         "dee90db6c6d9680f"],
        ["Mathlib.Data.Real.Basic:importAllArts", "1c59c2fc821ca43f"],
        ["Mathlib.Tactic.Linarith transitive imports (legacy)",
         "fc5bbb3899366fce"],
        ["Mathlib.Tactic.Linarith:importAllArts", "ec0a7bff9f2dd5e7"],
        ["Mathlib.Tactic.NormNum transitive imports (legacy)",
         "63f979dfce745c91"],
        ["Mathlib.Tactic.NormNum:importAllArts", "714c07957344bdb9"],
        ["Mathlib.Tactic.Ring transitive imports (legacy)", "958ab841006206c5"],
        ["Mathlib.Tactic.Ring:importAllArts", "c77ab52782adb525"],
        ["CyberAlchemy.ProtorealManifold transitive imports (legacy)",
         "509efa3bdd6d1033"],
        ["CyberAlchemy.ProtorealManifold:importAllArts", "310dc4ddc461099f"],
        ["CyberAlchemy.ProtorealOperator transitive imports (legacy)",
         "8c0010de325bb14c"],
        ["CyberAlchemy.ProtorealOperator:importAllArts", "da9dd767030c0036"],
        ["CyberAlchemy.PostQuantumSecurity transitive imports (legacy)",
         "de81847c55aebddb"],
        ["CyberAlchemy.PostQuantumSecurity:importAllArts", "a7a02edacb45a3be"],
        ["CyberAlchemy.SensoryGate transitive imports (legacy)",
         "17c4133e63e33ab5"],
        ["CyberAlchemy.SensoryGate:importAllArts", "98a4cb94a69fa13c"]]]]],
    ["libs",
     [["import dynlibs", "00000000000006bb"],
      ["package external libraries", "00000000000006bb"],
      ["module dynlibs", "00000000000006bb"],
      ["module plugins", "00000000000006bb"]]]]],
  ["Lean 4.29.1, commit f72c35b3f637c8c6571d353742168ab66cc22c00",
   "fa77a35a41db35c0"],
  ["/home/phrxmaz/Documents/CyberAlchemy/CyberAlchemy/MetaBackpropagation.lean",
   "6c47052b856613a9"],
  ["options",
   [["-DrelaxedAutoImplicit=false", "74a2b5546b55be80"],
    ["-Dpp.unicode.fun=true", "9b94070140457fab"]]],
  ["isModule: false", "feefd2a0d3a1847e"],
  ["Module.name: CyberAlchemy.MetaBackpropagation", "d3e150ae65b06f2c"],
  ["Package.id?: (some CyberAlchemy)", "145ff4c6b42a15f8"],
  ["Module.leanArgs: #[]", "00000000000006bb"]],
 "depHash": "2152fea675564832"}