{"synthetic": false,
 "schemaVersion": "2025-09-10",
 "outputs":
 {"o": ["4221a6b9a7f254b0.olean"],
  "i": "26fabfd7ad5f36ca.ilean",
  "c": "c6466e16d640c3a6.c"},
 "log":
 [{"message":
   ".> LEAN_PATH=/home/phrxmaz/Documents/CyberAlchemy/.lake/packages/Cli/.lake/build/lib/lean:/home/phrxmaz/Documents/CyberAlchemy/.lake/packages/batteries/.lake/build/lib/lean:/home/phrxmaz/Documents/CyberAlchemy/.lake/packages/Qq/.lake/build/lib/lean:/home/phrxmaz/Documents/CyberAlchemy/.lake/packages/aesop/.lake/build/lib/lean:/home/phrxmaz/Documents/CyberAlchemy/.lake/packages/proofwidgets/.lake/build/lib/lean:/home/phrxmaz/Documents/CyberAlchemy/.lake/packages/importGraph/.lake/build/lib/lean:/home/phrxmaz/Documents/CyberAlchemy/.lake/packages/LeanSearchClient/.lake/build/lib/lean:/home/phrxmaz/Documents/CyberAlchemy/.lake/packages/plausible/.lake/build/lib/lean:/home/phrxmaz/Documents/CyberAlchemy/.lake/packages/mathlib/.lake/build/lib/lean:/home/phrxmaz/Documents/CyberAlchemy/.lake/build/lib/lean /home/phrxmaz/.elan/toolchains/leanprover--lean4---v4.29.1/bin/lean /home/phrxmaz/Documents/CyberAlchemy/CyberAlchemy/MultivariableTensorCalculus.lean -o /home/phrxmaz/Documents/CyberAlchemy/.lake/build/lib/lean/CyberAlchemy/MultivariableTensorCalculus.olean -i /home/phrxmaz/Documents/CyberAlchemy/.lake/build/lib/lean/CyberAlchemy/MultivariableTensorCalculus.ilean -c /home/phrxmaz/Documents/CyberAlchemy/.lake/build/ir/CyberAlchemy/MultivariableTensorCalculus.c --setup /home/phrxmaz/Documents/CyberAlchemy/.lake/build/ir/CyberAlchemy/MultivariableTensorCalculus.setup.json --json",
   "level": "trace"}],
 "inputs":
 [["CyberAlchemy.MultivariableTensorCalculus:deps",
   [["deps",
     [["CyberAlchemy/CyberAlchemy:extraDep",
       [["@CyberAlchemy:extraDep", "00000000000006bb"]]],
      ["imports",
       [["Mathlib.Analysis.SpecialFunctions.Log.Basic transitive imports (legacy)",
         "554affae97f38bdd"],
        ["Mathlib.Analysis.SpecialFunctions.Log.Basic:importAllArts",
         "a7168b2df2d77320"],
        ["Mathlib.Analysis.SpecialFunctions.Pow.Real transitive imports (legacy)",
         "b6bdee84b7154366"],
        ["Mathlib.Analysis.SpecialFunctions.Pow.Real:importAllArts",
         "08d7545c58d56b6b"],
        ["CyberAlchemy.CyberneticEquilibrium transitive imports (legacy)",
         "c4d3aa31a77f144a"],
        ["CyberAlchemy.CyberneticEquilibrium:importAllArts",
         "9d8f6f4db707015e"]]]]],
    ["libs",
     [["import dynlibs", "00000000000006bb"],
      ["package external libraries", "00000000000006bb"],
      ["module dynlibs", "00000000000006bb"],
      ["module plugins", "00000000000006bb"]]]]],
  ["Lean 4.29.1, commit f72c35b3f637c8c6571d353742168ab66cc22c00",
   "fa77a35a41db35c0"],
  ["/home/phrxmaz/Documents/CyberAlchemy/CyberAlchemy/MultivariableTensorCalculus.lean",
   "d58d350ea9263f3c"],
  ["options",
   [["-DrelaxedAutoImplicit=false", "74a2b5546b55be80"],
    ["-Dpp.unicode.fun=true", "9b94070140457fab"]]],
  ["isModule: false", "feefd2a0d3a1847e"],
  ["Module.name: CyberAlchemy.MultivariableTensorCalculus", "fd73b68aa83dfe96"],
  ["Package.id?: (some CyberAlchemy)", "145ff4c6b42a15f8"],
  ["Module.leanArgs: #[]", "00000000000006bb"]],
 "depHash": "fdbf7fee0b47d7ae"}