{"synthetic": false,
 "schemaVersion": "2025-09-10",
 "outputs":
 {"o": ["96b5a41fc55da90b.olean"],
  "i": "cd3d0937f97c5fb9.ilean",
  "c": "eed2603bdf39f128.c"},
 "log":
 [{"message":
   ".> LEAN_PATH=/home/phrxmaz/Documents/CyberAlchemy/.lake/packages/Cli/.lake/build/lib/lean:/home/phrxmaz/Documents/CyberAlchemy/.lake/packages/batteries/.lake/build/lib/lean:/home/phrxmaz/Documents/CyberAlchemy/.lake/packages/Qq/.lake/build/lib/lean:/home/phrxmaz/Documents/CyberAlchemy/.lake/packages/aesop/.lake/build/lib/lean:/home/phrxmaz/Documents/CyberAlchemy/.lake/packages/proofwidgets/.lake/build/lib/lean:/home/phrxmaz/Documents/CyberAlchemy/.lake/packages/importGraph/.lake/build/lib/lean:/home/phrxmaz/Documents/CyberAlchemy/.lake/packages/LeanSearchClient/.lake/build/lib/lean:/home/phrxmaz/Documents/CyberAlchemy/.lake/packages/plausible/.lake/build/lib/lean:/home/phrxmaz/Documents/CyberAlchemy/.lake/packages/mathlib/.lake/build/lib/lean:/home/phrxmaz/Documents/CyberAlchemy/.lake/build/lib/lean /home/phrxmaz/.elan/toolchains/leanprover--lean4---v4.29.1/bin/lean /home/phrxmaz/Documents/CyberAlchemy/CyberAlchemy/NonstandardBridge.lean -o /home/phrxmaz/Documents/CyberAlchemy/.lake/build/lib/lean/CyberAlchemy/NonstandardBridge.olean -i /home/phrxmaz/Documents/CyberAlchemy/.lake/build/lib/lean/CyberAlchemy/NonstandardBridge.ilean -c /home/phrxmaz/Documents/CyberAlchemy/.lake/build/ir/CyberAlchemy/NonstandardBridge.c --setup /home/phrxmaz/Documents/CyberAlchemy/.lake/build/ir/CyberAlchemy/NonstandardBridge.setup.json --json",
   "level": "trace"},
  {"message":
   "CyberAlchemy/NonstandardBridge.lean:114:2: 'change ProtorealManifold.mul iota omega = _' tactic does nothing\n\nNote: This linter can be disabled with `set_option linter.unusedTactic false`",
   "level": "warning"}],
 "inputs":
 [["CyberAlchemy.NonstandardBridge:deps",
   [["deps",
     [["CyberAlchemy/CyberAlchemy:extraDep",
       [["@CyberAlchemy:extraDep", "00000000000006bb"]]],
      ["imports",
       [["CyberAlchemy.RelativisticContinuum transitive imports (legacy)",
         "045918aac45aca1b"],
        ["CyberAlchemy.RelativisticContinuum:importAllArts",
         "707c584569d15a4f"],
        ["CyberAlchemy.HyperKlein transitive imports (legacy)",
         "b264e3923a6d3b52"],
        ["CyberAlchemy.HyperKlein:importAllArts", "c50e587bda4778d8"],
        ["CyberAlchemy.HyperOperationScaling transitive imports (legacy)",
         "772d49da0cc833cb"],
        ["CyberAlchemy.HyperOperationScaling:importAllArts",
         "9c5185bbc6bbd3f3"],
        ["CyberAlchemy.HyperDifference transitive imports (legacy)",
         "a69fc86774f5708b"],
        ["CyberAlchemy.HyperDifference:importAllArts", "9bb4cdc62625e0a7"],
        ["CyberAlchemy.JetSheaf transitive imports (legacy)",
         "f36d5c00350893c7"],
        ["CyberAlchemy.JetSheaf:importAllArts", "d1a855ea908f906f"],
        ["CyberAlchemy.DualityTheorem transitive imports (legacy)",
         "b4561b0a7a1186da"],
        ["CyberAlchemy.DualityTheorem:importAllArts", "e6648078bcf0031f"]]]]],
    ["libs",
     [["import dynlibs", "00000000000006bb"],
      ["package external libraries", "00000000000006bb"],
      ["module dynlibs", "00000000000006bb"],
      ["module plugins", "00000000000006bb"]]]]],
  ["Lean 4.29.1, commit f72c35b3f637c8c6571d353742168ab66cc22c00",
   "fa77a35a41db35c0"],
  ["/home/phrxmaz/Documents/CyberAlchemy/CyberAlchemy/NonstandardBridge.lean",
   "34368ec6dc198f46"],
  ["options",
   [["-DrelaxedAutoImplicit=false", "74a2b5546b55be80"],
    ["-Dpp.unicode.fun=true", "9b94070140457fab"]]],
  ["isModule: false", "feefd2a0d3a1847e"],
  ["Module.name: CyberAlchemy.NonstandardBridge", "034a9ac8f1b121e7"],
  ["Package.id?: (some CyberAlchemy)", "145ff4c6b42a15f8"],
  ["Module.leanArgs: #[]", "00000000000006bb"]],
 "depHash": "7964313248c7322e"}