{"synthetic": false,
 "schemaVersion": "2025-09-10",
 "outputs":
 {"o": ["228b5d6cd48b194f.olean"],
  "i": "3569f13f1dcaec4e.ilean",
  "c": "5dad057a8eb29cce.c"},
 "log":
 [{"message":
   ".> LEAN_PATH=/home/phrxmaz/Documents/CyberAlchemy/.lake/packages/Cli/.lake/build/lib/lean:/home/phrxmaz/Documents/CyberAlchemy/.lake/packages/batteries/.lake/build/lib/lean:/home/phrxmaz/Documents/CyberAlchemy/.lake/packages/Qq/.lake/build/lib/lean:/home/phrxmaz/Documents/CyberAlchemy/.lake/packages/aesop/.lake/build/lib/lean:/home/phrxmaz/Documents/CyberAlchemy/.lake/packages/proofwidgets/.lake/build/lib/lean:/home/phrxmaz/Documents/CyberAlchemy/.lake/packages/importGraph/.lake/build/lib/lean:/home/phrxmaz/Documents/CyberAlchemy/.lake/packages/LeanSearchClient/.lake/build/lib/lean:/home/phrxmaz/Documents/CyberAlchemy/.lake/packages/plausible/.lake/build/lib/lean:/home/phrxmaz/Documents/CyberAlchemy/.lake/packages/mathlib/.lake/build/lib/lean:/home/phrxmaz/Documents/CyberAlchemy/.lake/build/lib/lean /home/phrxmaz/.elan/toolchains/leanprover--lean4---v4.29.1/bin/lean /home/phrxmaz/Documents/CyberAlchemy/CyberAlchemy/PlasmaConjectures.lean -o /home/phrxmaz/Documents/CyberAlchemy/.lake/build/lib/lean/CyberAlchemy/PlasmaConjectures.olean -i /home/phrxmaz/Documents/CyberAlchemy/.lake/build/lib/lean/CyberAlchemy/PlasmaConjectures.ilean -c /home/phrxmaz/Documents/CyberAlchemy/.lake/build/ir/CyberAlchemy/PlasmaConjectures.c --setup /home/phrxmaz/Documents/CyberAlchemy/.lake/build/ir/CyberAlchemy/PlasmaConjectures.setup.json --json",
   "level": "trace"}],
 "inputs":
 [["CyberAlchemy.PlasmaConjectures:deps",
   [["deps",
     [["CyberAlchemy/CyberAlchemy:extraDep",
       [["@CyberAlchemy:extraDep", "00000000000006bb"]]],
      ["imports",
       [["Mathlib.Data.Real.Basic transitive imports (legacy)",
         "dee90db6c6d9680f"],
        ["Mathlib.Data.Real.Basic:importAllArts", "1c59c2fc821ca43f"],
        ["Mathlib.Tactic.Ring transitive imports (legacy)", "958ab841006206c5"],
        ["Mathlib.Tactic.Ring:importAllArts", "c77ab52782adb525"],
        ["Mathlib.Tactic.Linarith transitive imports (legacy)",
         "fc5bbb3899366fce"],
        ["Mathlib.Tactic.Linarith:importAllArts", "ec0a7bff9f2dd5e7"],
        ["CyberAlchemy.KamaTrain transitive imports (legacy)",
         "2077c4578884dd92"],
        ["CyberAlchemy.KamaTrain:importAllArts", "dd67fb9c70fe37b3"],
        ["CyberAlchemy.ProtorealAxioms transitive imports (legacy)",
         "0d33fc924cfd8770"],
        ["CyberAlchemy.ProtorealAxioms:importAllArts", "e78990f9eb7eabb0"],
        ["CyberAlchemy.SpectralFiber transitive imports (legacy)",
         "2db4a0c02246587e"],
        ["CyberAlchemy.SpectralFiber:importAllArts", "29cba41dc1e710e7"],
        ["CyberAlchemy.EmpathyPlasmaWall transitive imports (legacy)",
         "b12ff3120ff03894"],
        ["CyberAlchemy.EmpathyPlasmaWall:importAllArts", "3e11a7e4de6fa4d6"],
        ["CyberAlchemy.FrenetSerretCybernetics transitive imports (legacy)",
         "b4740d466386373b"],
        ["CyberAlchemy.FrenetSerretCybernetics:importAllArts",
         "a825919ff8e279c5"]]]]],
    ["libs",
     [["import dynlibs", "00000000000006bb"],
      ["package external libraries", "00000000000006bb"],
      ["module dynlibs", "00000000000006bb"],
      ["module plugins", "00000000000006bb"]]]]],
  ["Lean 4.29.1, commit f72c35b3f637c8c6571d353742168ab66cc22c00",
   "fa77a35a41db35c0"],
  ["/home/phrxmaz/Documents/CyberAlchemy/CyberAlchemy/PlasmaConjectures.lean",
   "6a66ee6065d306c4"],
  ["options",
   [["-DrelaxedAutoImplicit=false", "74a2b5546b55be80"],
    ["-Dpp.unicode.fun=true", "9b94070140457fab"]]],
  ["isModule: false", "feefd2a0d3a1847e"],
  ["Module.name: CyberAlchemy.PlasmaConjectures", "0f065e8a39eeecf4"],
  ["Package.id?: (some CyberAlchemy)", "145ff4c6b42a15f8"],
  ["Module.leanArgs: #[]", "00000000000006bb"]],
 "depHash": "effdd5505887132f"}