{"synthetic": false,
 "schemaVersion": "2025-09-10",
 "outputs":
 {"o": ["f9af76af63b91019.olean"],
  "i": "cd7898bf82dcd41d.ilean",
  "c": "da53b8a17cd86e84.c"},
 "log":
 [{"message":
   ".> LEAN_PATH=/home/phrxmaz/Documents/CyberAlchemy/.lake/packages/Cli/.lake/build/lib/lean:/home/phrxmaz/Documents/CyberAlchemy/.lake/packages/batteries/.lake/build/lib/lean:/home/phrxmaz/Documents/CyberAlchemy/.lake/packages/Qq/.lake/build/lib/lean:/home/phrxmaz/Documents/CyberAlchemy/.lake/packages/aesop/.lake/build/lib/lean:/home/phrxmaz/Documents/CyberAlchemy/.lake/packages/proofwidgets/.lake/build/lib/lean:/home/phrxmaz/Documents/CyberAlchemy/.lake/packages/importGraph/.lake/build/lib/lean:/home/phrxmaz/Documents/CyberAlchemy/.lake/packages/LeanSearchClient/.lake/build/lib/lean:/home/phrxmaz/Documents/CyberAlchemy/.lake/packages/plausible/.lake/build/lib/lean:/home/phrxmaz/Documents/CyberAlchemy/.lake/packages/mathlib/.lake/build/lib/lean:/home/phrxmaz/Documents/CyberAlchemy/.lake/build/lib/lean /home/phrxmaz/.elan/toolchains/leanprover--lean4---v4.29.1/bin/lean /home/phrxmaz/Documents/CyberAlchemy/CyberAlchemy/PlasmaInfotonBridge.lean -o /home/phrxmaz/Documents/CyberAlchemy/.lake/build/lib/lean/CyberAlchemy/PlasmaInfotonBridge.olean -i /home/phrxmaz/Documents/CyberAlchemy/.lake/build/lib/lean/CyberAlchemy/PlasmaInfotonBridge.ilean -c /home/phrxmaz/Documents/CyberAlchemy/.lake/build/ir/CyberAlchemy/PlasmaInfotonBridge.c --setup /home/phrxmaz/Documents/CyberAlchemy/.lake/build/ir/CyberAlchemy/PlasmaInfotonBridge.setup.json --json",
   "level": "trace"},
  {"message":
   "CyberAlchemy/PlasmaInfotonBridge.lean:237:5: unused variable `h_noisy`\n\nNote: This linter can be disabled with `set_option linter.unusedVariables false`",
   "level": "warning"}],
 "inputs":
 [["CyberAlchemy.PlasmaInfotonBridge:deps",
   [["deps",
     [["CyberAlchemy/CyberAlchemy:extraDep",
       [["@CyberAlchemy:extraDep", "00000000000006bb"]]],
      ["imports",
       [["CyberAlchemy.Basic transitive imports (legacy)", "1a7fb5153a0c7cc6"],
        ["CyberAlchemy.Basic:importAllArts", "8943365e0b68b91e"],
        ["CyberAlchemy.SchwarzianTruth transitive imports (legacy)",
         "aa6791cd4cfbb0c9"],
        ["CyberAlchemy.SchwarzianTruth:importAllArts", "ac0c9666ce8c3edb"],
        ["CyberAlchemy.SharedLatentSpace transitive imports (legacy)",
         "48f367661d8b5dfa"],
        ["CyberAlchemy.SharedLatentSpace:importAllArts", "68cf36c01c830fe8"],
        ["CyberAlchemy.EmotionalLFunctions transitive imports (legacy)",
         "7e1356bf724adab1"],
        ["CyberAlchemy.EmotionalLFunctions:importAllArts",
         "a8a5c8d509553363"]]]]],
    ["libs",
     [["import dynlibs", "00000000000006bb"],
      ["package external libraries", "00000000000006bb"],
      ["module dynlibs", "00000000000006bb"],
      ["module plugins", "00000000000006bb"]]]]],
  ["Lean 4.29.1, commit f72c35b3f637c8c6571d353742168ab66cc22c00",
   "fa77a35a41db35c0"],
  ["/home/phrxmaz/Documents/CyberAlchemy/CyberAlchemy/PlasmaInfotonBridge.lean",
   "48e27a7ecc4b3510"],
  ["options",
   [["-DrelaxedAutoImplicit=false", "74a2b5546b55be80"],
    ["-Dpp.unicode.fun=true", "9b94070140457fab"]]],
  ["isModule: false", "feefd2a0d3a1847e"],
  ["Module.name: CyberAlchemy.PlasmaInfotonBridge", "6bd3b35e1f5e1982"],
  ["Package.id?: (some CyberAlchemy)", "145ff4c6b42a15f8"],
  ["Module.leanArgs: #[]", "00000000000006bb"]],
 "depHash": "c3b53b44e35cbddc"}