{"synthetic": false,
 "schemaVersion": "2025-09-10",
 "outputs":
 {"o": ["fcc1869f2f96bf35.olean"],
  "i": "4ead1c8ffd97260b.ilean",
  "c": "9370f26022783b1e.c"},
 "log":
 [{"message":
   ".> LEAN_PATH=/home/phrxmaz/Documents/CyberAlchemy/.lake/packages/Cli/.lake/build/lib/lean:/home/phrxmaz/Documents/CyberAlchemy/.lake/packages/batteries/.lake/build/lib/lean:/home/phrxmaz/Documents/CyberAlchemy/.lake/packages/Qq/.lake/build/lib/lean:/home/phrxmaz/Documents/CyberAlchemy/.lake/packages/aesop/.lake/build/lib/lean:/home/phrxmaz/Documents/CyberAlchemy/.lake/packages/proofwidgets/.lake/build/lib/lean:/home/phrxmaz/Documents/CyberAlchemy/.lake/packages/importGraph/.lake/build/lib/lean:/home/phrxmaz/Documents/CyberAlchemy/.lake/packages/LeanSearchClient/.lake/build/lib/lean:/home/phrxmaz/Documents/CyberAlchemy/.lake/packages/plausible/.lake/build/lib/lean:/home/phrxmaz/Documents/CyberAlchemy/.lake/packages/mathlib/.lake/build/lib/lean:/home/phrxmaz/Documents/CyberAlchemy/.lake/build/lib/lean /home/phrxmaz/.elan/toolchains/leanprover--lean4---v4.29.1/bin/lean /home/phrxmaz/Documents/CyberAlchemy/CyberAlchemy/ProtorealManifold.lean -o /home/phrxmaz/Documents/CyberAlchemy/.lake/build/lib/lean/CyberAlchemy/ProtorealManifold.olean -i /home/phrxmaz/Documents/CyberAlchemy/.lake/build/lib/lean/CyberAlchemy/ProtorealManifold.ilean -c /home/phrxmaz/Documents/CyberAlchemy/.lake/build/ir/CyberAlchemy/ProtorealManifold.c --setup /home/phrxmaz/Documents/CyberAlchemy/.lake/build/ir/CyberAlchemy/ProtorealManifold.setup.json --json",
   "level": "trace"}],
 "inputs":
 [["CyberAlchemy.ProtorealManifold:deps",
   [["deps",
     [["CyberAlchemy/CyberAlchemy:extraDep",
       [["@CyberAlchemy:extraDep", "00000000000006bb"]]],
      ["imports",
       [["Mathlib.Analysis.Real.Hyperreal transitive imports (legacy)",
         "51da7503a788df86"],
        ["Mathlib.Analysis.Real.Hyperreal:importAllArts", "a8ead0cdbea63b1f"],
        ["Mathlib.Analysis.SpecialFunctions.Exp transitive imports (legacy)",
         "9f47a1266905fafa"],
        ["Mathlib.Analysis.SpecialFunctions.Exp:importAllArts",
         "70b460ecd13e9d45"],
        ["Mathlib.Analysis.SpecialFunctions.Log.Basic transitive imports (legacy)",
         "554affae97f38bdd"],
        ["Mathlib.Analysis.SpecialFunctions.Log.Basic:importAllArts",
         "a7168b2df2d77320"],
        ["Mathlib.Tactic.Ext transitive imports (legacy)", "33a30d998f885462"],
        ["Mathlib.Tactic.Ext:importAllArts", "1c2d54b78824c0f7"]]]]],
    ["libs",
     [["import dynlibs", "00000000000006bb"],
      ["package external libraries", "00000000000006bb"],
      ["module dynlibs", "00000000000006bb"],
      ["module plugins", "00000000000006bb"]]]]],
  ["Lean 4.29.1, commit f72c35b3f637c8c6571d353742168ab66cc22c00",
   "fa77a35a41db35c0"],
  ["/home/phrxmaz/Documents/CyberAlchemy/CyberAlchemy/ProtorealManifold.lean",
   "454b6847f0fd63dc"],
  ["options",
   [["-DrelaxedAutoImplicit=false", "74a2b5546b55be80"],
    ["-Dpp.unicode.fun=true", "9b94070140457fab"]]],
  ["isModule: false", "feefd2a0d3a1847e"],
  ["Module.name: CyberAlchemy.ProtorealManifold", "bd3169030d852663"],
  ["Package.id?: (some CyberAlchemy)", "145ff4c6b42a15f8"],
  ["Module.leanArgs: #[]", "00000000000006bb"]],
 "depHash": "7d32fb035b096887"}