{"synthetic": false,
 "schemaVersion": "2025-09-10",
 "outputs":
 {"o": ["bb521446325534d8.olean"],
  "i": "ac3c70613308b8d4.ilean",
  "c": "fd084ddb00b4e7d6.c"},
 "log":
 [{"message":
   ".> LEAN_PATH=/home/phrxmaz/Documents/CyberAlchemy/.lake/packages/Cli/.lake/build/lib/lean:/home/phrxmaz/Documents/CyberAlchemy/.lake/packages/batteries/.lake/build/lib/lean:/home/phrxmaz/Documents/CyberAlchemy/.lake/packages/Qq/.lake/build/lib/lean:/home/phrxmaz/Documents/CyberAlchemy/.lake/packages/aesop/.lake/build/lib/lean:/home/phrxmaz/Documents/CyberAlchemy/.lake/packages/proofwidgets/.lake/build/lib/lean:/home/phrxmaz/Documents/CyberAlchemy/.lake/packages/importGraph/.lake/build/lib/lean:/home/phrxmaz/Documents/CyberAlchemy/.lake/packages/LeanSearchClient/.lake/build/lib/lean:/home/phrxmaz/Documents/CyberAlchemy/.lake/packages/plausible/.lake/build/lib/lean:/home/phrxmaz/Documents/CyberAlchemy/.lake/packages/mathlib/.lake/build/lib/lean:/home/phrxmaz/Documents/CyberAlchemy/.lake/build/lib/lean /home/phrxmaz/.elan/toolchains/leanprover--lean4---v4.29.1/bin/lean /home/phrxmaz/Documents/CyberAlchemy/CyberAlchemy/ProtorealAxioms.lean -o /home/phrxmaz/Documents/CyberAlchemy/.lake/build/lib/lean/CyberAlchemy/ProtorealAxioms.olean -i /home/phrxmaz/Documents/CyberAlchemy/.lake/build/lib/lean/CyberAlchemy/ProtorealAxioms.ilean -c /home/phrxmaz/Documents/CyberAlchemy/.lake/build/ir/CyberAlchemy/ProtorealAxioms.c --setup /home/phrxmaz/Documents/CyberAlchemy/.lake/build/ir/CyberAlchemy/ProtorealAxioms.setup.json --json",
   "level": "trace"},
  {"message":
   "CyberAlchemy/ProtorealAxioms.lean:103:25: `Hyperreal.Infinite` has been deprecated: Use `ArchimedeanClass.mk` instead\n\nNote: The updated constant has a different type:\n  {M : Type u_1} →\n    [inst : AddCommGroup M] → [inst_1 : LinearOrder M] → [inst_2 : IsOrderedAddMonoid M] → M → ArchimedeanClass M\ninstead of\n  ℝ* → Prop\n\nNote: The updated constant is in a different namespace. Dot notation may need to be changed (e.g., from `x.Infinite` to `ArchimedeanClass.mk x`).",
   "level": "warning"},
  {"message":
   "CyberAlchemy/ProtorealAxioms.lean:104:3: `Hyperreal.infinite_iff_infinitesimal_inv` has been deprecated: `Infinitesimal` is deprecated",
   "level": "warning"},
  {"message":
   "CyberAlchemy/ProtorealAxioms.lean:104:73: `Hyperreal.infinitesimal_epsilon` has been deprecated: `Infinitesimal` is deprecated",
   "level": "warning"}],
 "inputs":
 [["CyberAlchemy.ProtorealAxioms:deps",
   [["deps",
     [["CyberAlchemy/CyberAlchemy:extraDep",
       [["@CyberAlchemy:extraDep", "00000000000006bb"]]],
      ["imports",
       [["Mathlib.Analysis.Real.Hyperreal transitive imports (legacy)",
         "51da7503a788df86"],
        ["Mathlib.Analysis.Real.Hyperreal:importAllArts",
         "a8ead0cdbea63b1f"]]]]],
    ["libs",
     [["import dynlibs", "00000000000006bb"],
      ["package external libraries", "00000000000006bb"],
      ["module dynlibs", "00000000000006bb"],
      ["module plugins", "00000000000006bb"]]]]],
  ["Lean 4.29.1, commit f72c35b3f637c8c6571d353742168ab66cc22c00",
   "fa77a35a41db35c0"],
  ["/home/phrxmaz/Documents/CyberAlchemy/CyberAlchemy/ProtorealAxioms.lean",
   "a3e3f4f58dd2de8d"],
  ["options",
   [["-DrelaxedAutoImplicit=false", "74a2b5546b55be80"],
    ["-Dpp.unicode.fun=true", "9b94070140457fab"]]],
  ["isModule: false", "feefd2a0d3a1847e"],
  ["Module.name: CyberAlchemy.ProtorealAxioms", "2c9fef80f7cde38b"],
  ["Package.id?: (some CyberAlchemy)", "145ff4c6b42a15f8"],
  ["Module.leanArgs: #[]", "00000000000006bb"]],
 "depHash": "d3f54d0ca7de567b"}