{"synthetic": false,
 "schemaVersion": "2025-09-10",
 "outputs":
 {"o": ["76f9aea63faa0057.olean"],
  "i": "97fc42ebc86a53fe.ilean",
  "c": "ff243bd204f21ac7.c"},
 "log":
 [{"message":
   ".> LEAN_PATH=/home/phrxmaz/Documents/CyberAlchemy/.lake/packages/Cli/.lake/build/lib/lean:/home/phrxmaz/Documents/CyberAlchemy/.lake/packages/batteries/.lake/build/lib/lean:/home/phrxmaz/Documents/CyberAlchemy/.lake/packages/Qq/.lake/build/lib/lean:/home/phrxmaz/Documents/CyberAlchemy/.lake/packages/aesop/.lake/build/lib/lean:/home/phrxmaz/Documents/CyberAlchemy/.lake/packages/proofwidgets/.lake/build/lib/lean:/home/phrxmaz/Documents/CyberAlchemy/.lake/packages/importGraph/.lake/build/lib/lean:/home/phrxmaz/Documents/CyberAlchemy/.lake/packages/LeanSearchClient/.lake/build/lib/lean:/home/phrxmaz/Documents/CyberAlchemy/.lake/packages/plausible/.lake/build/lib/lean:/home/phrxmaz/Documents/CyberAlchemy/.lake/packages/mathlib/.lake/build/lib/lean:/home/phrxmaz/Documents/CyberAlchemy/.lake/build/lib/lean /home/phrxmaz/.elan/toolchains/leanprover--lean4---v4.29.1/bin/lean /home/phrxmaz/Documents/CyberAlchemy/CyberAlchemy/ProtorealAlgebra.lean -o /home/phrxmaz/Documents/CyberAlchemy/.lake/build/lib/lean/CyberAlchemy/ProtorealAlgebra.olean -i /home/phrxmaz/Documents/CyberAlchemy/.lake/build/lib/lean/CyberAlchemy/ProtorealAlgebra.ilean -c /home/phrxmaz/Documents/CyberAlchemy/.lake/build/ir/CyberAlchemy/ProtorealAlgebra.c --setup /home/phrxmaz/Documents/CyberAlchemy/.lake/build/ir/CyberAlchemy/ProtorealAlgebra.setup.json --json",
   "level": "trace"}],
 "inputs":
 [["CyberAlchemy.ProtorealAlgebra:deps",
   [["deps",
     [["CyberAlchemy/CyberAlchemy:extraDep",
       [["@CyberAlchemy:extraDep", "00000000000006bb"]]],
      ["imports",
       [["CyberAlchemy.ProtorealManifold transitive imports (legacy)",
         "509efa3bdd6d1033"],
        ["CyberAlchemy.ProtorealManifold:importAllArts", "310dc4ddc461099f"],
        ["CyberAlchemy.ProtorealMesh transitive imports (legacy)",
         "4498bb3b76c47d2f"],
        ["CyberAlchemy.ProtorealMesh:importAllArts", "90bec2a8ba36f27c"]]]]],
    ["libs",
     [["import dynlibs", "00000000000006bb"],
      ["package external libraries", "00000000000006bb"],
      ["module dynlibs", "00000000000006bb"],
      ["module plugins", "00000000000006bb"]]]]],
  ["Lean 4.29.1, commit f72c35b3f637c8c6571d353742168ab66cc22c00",
   "fa77a35a41db35c0"],
  ["/home/phrxmaz/Documents/CyberAlchemy/CyberAlchemy/ProtorealAlgebra.lean",
   "b33249d96efb8010"],
  ["options",
   [["-DrelaxedAutoImplicit=false", "74a2b5546b55be80"],
    ["-Dpp.unicode.fun=true", "9b94070140457fab"]]],
  ["isModule: false", "feefd2a0d3a1847e"],
  ["Module.name: CyberAlchemy.ProtorealAlgebra", "b35864269463875c"],
  ["Package.id?: (some CyberAlchemy)", "145ff4c6b42a15f8"],
  ["Module.leanArgs: #[]", "00000000000006bb"]],
 "depHash": "e76996858ed97fbc"}