{"synthetic": false,
 "schemaVersion": "2025-09-10",
 "outputs":
 {"o": ["11b32b0217f78c1f.olean"],
  "i": "b760f372fb653c40.ilean",
  "c": "0bc8594c3df95e4c.c"},
 "log":
 [{"message":
   ".> LEAN_PATH=/home/phrxmaz/Documents/CyberAlchemy/.lake/packages/Cli/.lake/build/lib/lean:/home/phrxmaz/Documents/CyberAlchemy/.lake/packages/batteries/.lake/build/lib/lean:/home/phrxmaz/Documents/CyberAlchemy/.lake/packages/Qq/.lake/build/lib/lean:/home/phrxmaz/Documents/CyberAlchemy/.lake/packages/aesop/.lake/build/lib/lean:/home/phrxmaz/Documents/CyberAlchemy/.lake/packages/proofwidgets/.lake/build/lib/lean:/home/phrxmaz/Documents/CyberAlchemy/.lake/packages/importGraph/.lake/build/lib/lean:/home/phrxmaz/Documents/CyberAlchemy/.lake/packages/LeanSearchClient/.lake/build/lib/lean:/home/phrxmaz/Documents/CyberAlchemy/.lake/packages/plausible/.lake/build/lib/lean:/home/phrxmaz/Documents/CyberAlchemy/.lake/packages/mathlib/.lake/build/lib/lean:/home/phrxmaz/Documents/CyberAlchemy/.lake/build/lib/lean /home/phrxmaz/.elan/toolchains/leanprover--lean4---v4.29.1/bin/lean /home/phrxmaz/Documents/CyberAlchemy/CyberAlchemy/ProtoLite.lean -o /home/phrxmaz/Documents/CyberAlchemy/.lake/build/lib/lean/CyberAlchemy/ProtoLite.olean -i /home/phrxmaz/Documents/CyberAlchemy/.lake/build/lib/lean/CyberAlchemy/ProtoLite.ilean -c /home/phrxmaz/Documents/CyberAlchemy/.lake/build/ir/CyberAlchemy/ProtoLite.c --setup /home/phrxmaz/Documents/CyberAlchemy/.lake/build/ir/CyberAlchemy/ProtoLite.setup.json --json",
   "level": "trace"}],
 "inputs":
 [["CyberAlchemy.ProtoLite:deps",
   [["deps",
     [["CyberAlchemy/CyberAlchemy:extraDep",
       [["@CyberAlchemy:extraDep", "00000000000006bb"]]],
      ["imports",
       [["CyberAlchemy.ProtorealAxioms transitive imports (legacy)",
         "0d33fc924cfd8770"],
        ["CyberAlchemy.ProtorealAxioms:importAllArts", "e78990f9eb7eabb0"],
        ["CyberAlchemy.LGKCosmology transitive imports (legacy)",
         "155e42b5c05bda4a"],
        ["CyberAlchemy.LGKCosmology:importAllArts", "1884f324a0e004fa"],
        ["CyberAlchemy.EulerPerception transitive imports (legacy)",
         "ffa124cfd2f234ca"],
        ["CyberAlchemy.EulerPerception:importAllArts", "ab8dc4e7a800d40a"],
        ["CyberAlchemy.CommutatorGap transitive imports (legacy)",
         "63abf363b297c668"],
        ["CyberAlchemy.CommutatorGap:importAllArts", "d619983115d20752"],
        ["CyberAlchemy.MassGap transitive imports (legacy)",
         "6d734bce4b062b0c"],
        ["CyberAlchemy.MassGap:importAllArts", "3faa948dd069ecbd"],
        ["CyberAlchemy.SpectralFiber transitive imports (legacy)",
         "2db4a0c02246587e"],
        ["CyberAlchemy.SpectralFiber:importAllArts", "29cba41dc1e710e7"],
        ["CyberAlchemy.HodgeConjecture transitive imports (legacy)",
         "912f5653d2b94c2d"],
        ["CyberAlchemy.HodgeConjecture:importAllArts", "24211f527bd1dfbc"],
        ["CyberAlchemy.KleinTopology transitive imports (legacy)",
         "2a921536c8386ed2"],
        ["CyberAlchemy.KleinTopology:importAllArts", "e77c63632b3bae73"]]]]],
    ["libs",
     [["import dynlibs", "00000000000006bb"],
      ["package external libraries", "00000000000006bb"],
      ["module dynlibs", "00000000000006bb"],
      ["module plugins", "00000000000006bb"]]]]],
  ["Lean 4.29.1, commit f72c35b3f637c8c6571d353742168ab66cc22c00",
   "fa77a35a41db35c0"],
  ["/home/phrxmaz/Documents/CyberAlchemy/CyberAlchemy/ProtoLite.lean",
   "2d6f0c2c5216d630"],
  ["options",
   [["-DrelaxedAutoImplicit=false", "74a2b5546b55be80"],
    ["-Dpp.unicode.fun=true", "9b94070140457fab"]]],
  ["isModule: false", "feefd2a0d3a1847e"],
  ["Module.name: CyberAlchemy.ProtoLite", "f54c1d0ab4fbbacb"],
  ["Package.id?: (some CyberAlchemy)", "145ff4c6b42a15f8"],
  ["Module.leanArgs: #[]", "00000000000006bb"]],
 "depHash": "0f04a02fd55aa4a7"}