{"synthetic": false,
 "schemaVersion": "2025-09-10",
 "outputs":
 {"o": ["4912a45d3d30246f.olean"],
  "i": "abbabaea95a2065a.ilean",
  "c": "0d4f36638d205c1b.c"},
 "log":
 [{"message":
   ".> LEAN_PATH=/home/phrxmaz/Documents/CyberAlchemy/.lake/packages/Cli/.lake/build/lib/lean:/home/phrxmaz/Documents/CyberAlchemy/.lake/packages/batteries/.lake/build/lib/lean:/home/phrxmaz/Documents/CyberAlchemy/.lake/packages/Qq/.lake/build/lib/lean:/home/phrxmaz/Documents/CyberAlchemy/.lake/packages/aesop/.lake/build/lib/lean:/home/phrxmaz/Documents/CyberAlchemy/.lake/packages/proofwidgets/.lake/build/lib/lean:/home/phrxmaz/Documents/CyberAlchemy/.lake/packages/importGraph/.lake/build/lib/lean:/home/phrxmaz/Documents/CyberAlchemy/.lake/packages/LeanSearchClient/.lake/build/lib/lean:/home/phrxmaz/Documents/CyberAlchemy/.lake/packages/plausible/.lake/build/lib/lean:/home/phrxmaz/Documents/CyberAlchemy/.lake/packages/mathlib/.lake/build/lib/lean:/home/phrxmaz/Documents/CyberAlchemy/.lake/build/lib/lean /home/phrxmaz/.elan/toolchains/leanprover--lean4---v4.29.1/bin/lean /home/phrxmaz/Documents/CyberAlchemy/CyberAlchemy/QuantumErrorCorrection.lean -o /home/phrxmaz/Documents/CyberAlchemy/.lake/build/lib/lean/CyberAlchemy/QuantumErrorCorrection.olean -i /home/phrxmaz/Documents/CyberAlchemy/.lake/build/lib/lean/CyberAlchemy/QuantumErrorCorrection.ilean -c /home/phrxmaz/Documents/CyberAlchemy/.lake/build/ir/CyberAlchemy/QuantumErrorCorrection.c --setup /home/phrxmaz/Documents/CyberAlchemy/.lake/build/ir/CyberAlchemy/QuantumErrorCorrection.setup.json --json",
   "level": "trace"}],
 "inputs":
 [["CyberAlchemy.QuantumErrorCorrection:deps",
   [["deps",
     [["CyberAlchemy/CyberAlchemy:extraDep",
       [["@CyberAlchemy:extraDep", "00000000000006bb"]]],
      ["imports",
       [["CyberAlchemy.Semisimple transitive imports (legacy)",
         "52a71afcffa39a91"],
        ["CyberAlchemy.Semisimple:importAllArts", "c216e9573e446b75"],
        ["CyberAlchemy.ErrorCorrection transitive imports (legacy)",
         "8ef0d617379e1be3"],
        ["CyberAlchemy.ErrorCorrection:importAllArts", "46475df0aeff2032"],
        ["CyberAlchemy.HyperKlein transitive imports (legacy)",
         "b264e3923a6d3b52"],
        ["CyberAlchemy.HyperKlein:importAllArts", "c50e587bda4778d8"],
        ["CyberAlchemy.Invariance transitive imports (legacy)",
         "782f5fce75c4eb69"],
        ["CyberAlchemy.Invariance:importAllArts", "fc30432e5e20ca30"],
        ["CyberAlchemy.DualityTheorem transitive imports (legacy)",
         "b4561b0a7a1186da"],
        ["CyberAlchemy.DualityTheorem:importAllArts", "e6648078bcf0031f"],
        ["CyberAlchemy.StochasticAlgebra transitive imports (legacy)",
         "ddf707af9ecec101"],
        ["CyberAlchemy.StochasticAlgebra:importAllArts",
         "b6c07a8d1f934183"]]]]],
    ["libs",
     [["import dynlibs", "00000000000006bb"],
      ["package external libraries", "00000000000006bb"],
      ["module dynlibs", "00000000000006bb"],
      ["module plugins", "00000000000006bb"]]]]],
  ["Lean 4.29.1, commit f72c35b3f637c8c6571d353742168ab66cc22c00",
   "fa77a35a41db35c0"],
  ["/home/phrxmaz/Documents/CyberAlchemy/CyberAlchemy/QuantumErrorCorrection.lean",
   "43acbebb8ab33c4d"],
  ["options",
   [["-DrelaxedAutoImplicit=false", "74a2b5546b55be80"],
    ["-Dpp.unicode.fun=true", "9b94070140457fab"]]],
  ["isModule: false", "feefd2a0d3a1847e"],
  ["Module.name: CyberAlchemy.QuantumErrorCorrection", "5876e820e9bd8af5"],
  ["Package.id?: (some CyberAlchemy)", "145ff4c6b42a15f8"],
  ["Module.leanArgs: #[]", "00000000000006bb"]],
 "depHash": "1d8b0dfe6707760d"}