{"synthetic": false,
 "schemaVersion": "2025-09-10",
 "outputs":
 {"o": ["d7b0a9ab0ac4526e.olean"],
  "i": "1e8380ff507a4b52.ilean",
  "c": "0aea1e7a02894637.c"},
 "log":
 [{"message":
   ".> LEAN_PATH=/home/phrxmaz/Documents/CyberAlchemy/.lake/packages/Cli/.lake/build/lib/lean:/home/phrxmaz/Documents/CyberAlchemy/.lake/packages/batteries/.lake/build/lib/lean:/home/phrxmaz/Documents/CyberAlchemy/.lake/packages/Qq/.lake/build/lib/lean:/home/phrxmaz/Documents/CyberAlchemy/.lake/packages/aesop/.lake/build/lib/lean:/home/phrxmaz/Documents/CyberAlchemy/.lake/packages/proofwidgets/.lake/build/lib/lean:/home/phrxmaz/Documents/CyberAlchemy/.lake/packages/importGraph/.lake/build/lib/lean:/home/phrxmaz/Documents/CyberAlchemy/.lake/packages/LeanSearchClient/.lake/build/lib/lean:/home/phrxmaz/Documents/CyberAlchemy/.lake/packages/plausible/.lake/build/lib/lean:/home/phrxmaz/Documents/CyberAlchemy/.lake/packages/mathlib/.lake/build/lib/lean:/home/phrxmaz/Documents/CyberAlchemy/.lake/build/lib/lean /home/phrxmaz/.elan/toolchains/leanprover--lean4---v4.29.1/bin/lean /home/phrxmaz/Documents/CyberAlchemy/CyberAlchemy/SharedLatentSpace.lean -o /home/phrxmaz/Documents/CyberAlchemy/.lake/build/lib/lean/CyberAlchemy/SharedLatentSpace.olean -i /home/phrxmaz/Documents/CyberAlchemy/.lake/build/lib/lean/CyberAlchemy/SharedLatentSpace.ilean -c /home/phrxmaz/Documents/CyberAlchemy/.lake/build/ir/CyberAlchemy/SharedLatentSpace.c --setup /home/phrxmaz/Documents/CyberAlchemy/.lake/build/ir/CyberAlchemy/SharedLatentSpace.setup.json --json",
   "level": "trace"}],
 "inputs":
 [["CyberAlchemy.SharedLatentSpace:deps",
   [["deps",
     [["CyberAlchemy/CyberAlchemy:extraDep",
       [["@CyberAlchemy:extraDep", "00000000000006bb"]]],
      ["imports",
       [["CyberAlchemy.LittleDelta transitive imports (legacy)",
         "05b2ee99d015e3b4"],
        ["CyberAlchemy.LittleDelta:importAllArts", "4ca952d07c34caca"],
        ["CyberAlchemy.AgenticFrame transitive imports (legacy)",
         "c687e496f7ba6d68"],
        ["CyberAlchemy.AgenticFrame:importAllArts", "aa2207cc9a26d53f"],
        ["CyberAlchemy.ErrorCorrection transitive imports (legacy)",
         "8ef0d617379e1be3"],
        ["CyberAlchemy.ErrorCorrection:importAllArts", "46475df0aeff2032"],
        ["CyberAlchemy.SchwarzianTruth transitive imports (legacy)",
         "aa6791cd4cfbb0c9"],
        ["CyberAlchemy.SchwarzianTruth:importAllArts", "ac0c9666ce8c3edb"],
        ["CyberAlchemy.TopologicalImaginary transitive imports (legacy)",
         "a9196c1524395191"],
        ["CyberAlchemy.TopologicalImaginary:importAllArts", "8f3b9f79e9e720f9"],
        ["CyberAlchemy.LieAlgebra transitive imports (legacy)",
         "a9196c1524395191"],
        ["CyberAlchemy.LieAlgebra:importAllArts", "47e53a2b7ac732a5"]]]]],
    ["libs",
     [["import dynlibs", "00000000000006bb"],
      ["package external libraries", "00000000000006bb"],
      ["module dynlibs", "00000000000006bb"],
      ["module plugins", "00000000000006bb"]]]]],
  ["Lean 4.29.1, commit f72c35b3f637c8c6571d353742168ab66cc22c00",
   "fa77a35a41db35c0"],
  ["/home/phrxmaz/Documents/CyberAlchemy/CyberAlchemy/SharedLatentSpace.lean",
   "1c187c8090ea3b0f"],
  ["options",
   [["-DrelaxedAutoImplicit=false", "74a2b5546b55be80"],
    ["-Dpp.unicode.fun=true", "9b94070140457fab"]]],
  ["isModule: false", "feefd2a0d3a1847e"],
  ["Module.name: CyberAlchemy.SharedLatentSpace", "a09da37b6d797506"],
  ["Package.id?: (some CyberAlchemy)", "145ff4c6b42a15f8"],
  ["Module.leanArgs: #[]", "00000000000006bb"]],
 "depHash": "8c8a347be63c3dae"}