{"synthetic": false,
 "schemaVersion": "2025-09-10",
 "outputs":
 {"o": ["6ce4830b39436158.olean"],
  "i": "0e036f5d19855306.ilean",
  "c": "def3ba8257ce6b67.c"},
 "log":
 [{"message":
   ".> LEAN_PATH=/home/phrxmaz/Documents/CyberAlchemy/.lake/packages/Cli/.lake/build/lib/lean:/home/phrxmaz/Documents/CyberAlchemy/.lake/packages/batteries/.lake/build/lib/lean:/home/phrxmaz/Documents/CyberAlchemy/.lake/packages/Qq/.lake/build/lib/lean:/home/phrxmaz/Documents/CyberAlchemy/.lake/packages/aesop/.lake/build/lib/lean:/home/phrxmaz/Documents/CyberAlchemy/.lake/packages/proofwidgets/.lake/build/lib/lean:/home/phrxmaz/Documents/CyberAlchemy/.lake/packages/importGraph/.lake/build/lib/lean:/home/phrxmaz/Documents/CyberAlchemy/.lake/packages/LeanSearchClient/.lake/build/lib/lean:/home/phrxmaz/Documents/CyberAlchemy/.lake/packages/plausible/.lake/build/lib/lean:/home/phrxmaz/Documents/CyberAlchemy/.lake/packages/mathlib/.lake/build/lib/lean:/home/phrxmaz/Documents/CyberAlchemy/.lake/build/lib/lean /home/phrxmaz/.elan/toolchains/leanprover--lean4---v4.29.1/bin/lean /home/phrxmaz/Documents/CyberAlchemy/CyberAlchemy/SpectralFixedPoint.lean -o /home/phrxmaz/Documents/CyberAlchemy/.lake/build/lib/lean/CyberAlchemy/SpectralFixedPoint.olean -i /home/phrxmaz/Documents/CyberAlchemy/.lake/build/lib/lean/CyberAlchemy/SpectralFixedPoint.ilean -c /home/phrxmaz/Documents/CyberAlchemy/.lake/build/ir/CyberAlchemy/SpectralFixedPoint.c --setup /home/phrxmaz/Documents/CyberAlchemy/.lake/build/ir/CyberAlchemy/SpectralFixedPoint.setup.json --json",
   "level": "trace"}],
 "inputs":
 [["CyberAlchemy.SpectralFixedPoint:deps",
   [["deps",
     [["CyberAlchemy/CyberAlchemy:extraDep",
       [["@CyberAlchemy:extraDep", "00000000000006bb"]]],
      ["imports",
       [["Mathlib.Dynamics.FixedPoints.Basic transitive imports (legacy)",
         "420282c16f8119ab"],
        ["Mathlib.Dynamics.FixedPoints.Basic:importAllArts",
         "c7976b0839561d0a"],
        ["Mathlib.Logic.Function.Iterate transitive imports (legacy)",
         "5ab49b33f803081e"],
        ["Mathlib.Logic.Function.Iterate:importAllArts", "5225b56ea940a8d7"],
        ["Mathlib.Tactic transitive imports (legacy)", "7d3f8149d40d02f7"],
        ["Mathlib.Tactic:importAllArts", "8033b5d46c2dd76a"],
        ["CyberAlchemy.ProtorealManifold transitive imports (legacy)",
         "509efa3bdd6d1033"],
        ["CyberAlchemy.ProtorealManifold:importAllArts", "310dc4ddc461099f"],
        ["CyberAlchemy.ProtorealOperator transitive imports (legacy)",
         "8c0010de325bb14c"],
        ["CyberAlchemy.ProtorealOperator:importAllArts", "da9dd767030c0036"],
        ["CyberAlchemy.MonsterInverse transitive imports (legacy)",
         "f2e720a49f4e007c"],
        ["CyberAlchemy.MonsterInverse:importAllArts", "74390d1553017da4"],
        ["CyberAlchemy.DualityTheorem transitive imports (legacy)",
         "b4561b0a7a1186da"],
        ["CyberAlchemy.DualityTheorem:importAllArts", "e6648078bcf0031f"],
        ["CyberAlchemy.Uncomplex transitive imports (legacy)",
         "e2df078b47d23a60"],
        ["CyberAlchemy.Uncomplex:importAllArts", "8ce67580c23deab5"],
        ["CyberAlchemy.LGKCosmology transitive imports (legacy)",
         "155e42b5c05bda4a"],
        ["CyberAlchemy.LGKCosmology:importAllArts", "1884f324a0e004fa"]]]]],
    ["libs",
     [["import dynlibs", "00000000000006bb"],
      ["package external libraries", "00000000000006bb"],
      ["module dynlibs", "00000000000006bb"],
      ["module plugins", "00000000000006bb"]]]]],
  ["Lean 4.29.1, commit f72c35b3f637c8c6571d353742168ab66cc22c00",
   "fa77a35a41db35c0"],
  ["/home/phrxmaz/Documents/CyberAlchemy/CyberAlchemy/SpectralFixedPoint.lean",
   "1b17e88c035e4d80"],
  ["options",
   [["-DrelaxedAutoImplicit=false", "74a2b5546b55be80"],
    ["-Dpp.unicode.fun=true", "9b94070140457fab"]]],
  ["isModule: false", "feefd2a0d3a1847e"],
  ["Module.name: CyberAlchemy.SpectralFixedPoint", "cc942e2b0a0546a7"],
  ["Package.id?: (some CyberAlchemy)", "145ff4c6b42a15f8"],
  ["Module.leanArgs: #[]", "00000000000006bb"]],
 "depHash": "3fabd928c9e27833"}