{"synthetic": false,
 "schemaVersion": "2025-09-10",
 "outputs":
 {"o": ["ecb691201419d4ed.olean"],
  "i": "c89cc41a300321c1.ilean",
  "c": "4b70f7ff474e2c88.c"},
 "log":
 [{"message":
   ".> LEAN_PATH=/home/phrxmaz/Documents/CyberAlchemy/.lake/packages/Cli/.lake/build/lib/lean:/home/phrxmaz/Documents/CyberAlchemy/.lake/packages/batteries/.lake/build/lib/lean:/home/phrxmaz/Documents/CyberAlchemy/.lake/packages/Qq/.lake/build/lib/lean:/home/phrxmaz/Documents/CyberAlchemy/.lake/packages/aesop/.lake/build/lib/lean:/home/phrxmaz/Documents/CyberAlchemy/.lake/packages/proofwidgets/.lake/build/lib/lean:/home/phrxmaz/Documents/CyberAlchemy/.lake/packages/importGraph/.lake/build/lib/lean:/home/phrxmaz/Documents/CyberAlchemy/.lake/packages/LeanSearchClient/.lake/build/lib/lean:/home/phrxmaz/Documents/CyberAlchemy/.lake/packages/plausible/.lake/build/lib/lean:/home/phrxmaz/Documents/CyberAlchemy/.lake/packages/mathlib/.lake/build/lib/lean:/home/phrxmaz/Documents/CyberAlchemy/.lake/build/lib/lean /home/phrxmaz/.elan/toolchains/leanprover--lean4---v4.29.1/bin/lean /home/phrxmaz/Documents/CyberAlchemy/CyberAlchemy/SpectralTrinity.lean -o /home/phrxmaz/Documents/CyberAlchemy/.lake/build/lib/lean/CyberAlchemy/SpectralTrinity.olean -i /home/phrxmaz/Documents/CyberAlchemy/.lake/build/lib/lean/CyberAlchemy/SpectralTrinity.ilean -c /home/phrxmaz/Documents/CyberAlchemy/.lake/build/ir/CyberAlchemy/SpectralTrinity.c --setup /home/phrxmaz/Documents/CyberAlchemy/.lake/build/ir/CyberAlchemy/SpectralTrinity.setup.json --json",
   "level": "trace"}],
 "inputs":
 [["CyberAlchemy.SpectralTrinity:deps",
   [["deps",
     [["CyberAlchemy/CyberAlchemy:extraDep",
       [["@CyberAlchemy:extraDep", "00000000000006bb"]]],
      ["imports",
       [["CyberAlchemy.CommutatorGap transitive imports (legacy)",
         "63abf363b297c668"],
        ["CyberAlchemy.CommutatorGap:importAllArts", "d619983115d20752"],
        ["CyberAlchemy.MassGap transitive imports (legacy)",
         "6d734bce4b062b0c"],
        ["CyberAlchemy.MassGap:importAllArts", "3faa948dd069ecbd"],
        ["CyberAlchemy.StructuralHeterogeneity transitive imports (legacy)",
         "387ac9cacfc70ca7"],
        ["CyberAlchemy.StructuralHeterogeneity:importAllArts",
         "3a8871cafdd15183"],
        ["CyberAlchemy.SpectralFiber transitive imports (legacy)",
         "2db4a0c02246587e"],
        ["CyberAlchemy.SpectralFiber:importAllArts", "29cba41dc1e710e7"],
        ["CyberAlchemy.SyntheticIntegration transitive imports (legacy)",
         "6918b62a58669e2c"],
        ["CyberAlchemy.SyntheticIntegration:importAllArts",
         "19d165fa898eee35"]]]]],
    ["libs",
     [["import dynlibs", "00000000000006bb"],
      ["package external libraries", "00000000000006bb"],
      ["module dynlibs", "00000000000006bb"],
      ["module plugins", "00000000000006bb"]]]]],
  ["Lean 4.29.1, commit f72c35b3f637c8c6571d353742168ab66cc22c00",
   "fa77a35a41db35c0"],
  ["/home/phrxmaz/Documents/CyberAlchemy/CyberAlchemy/SpectralTrinity.lean",
   "b17cdf890866318b"],
  ["options",
   [["-DrelaxedAutoImplicit=false", "74a2b5546b55be80"],
    ["-Dpp.unicode.fun=true", "9b94070140457fab"]]],
  ["isModule: false", "feefd2a0d3a1847e"],
  ["Module.name: CyberAlchemy.SpectralTrinity", "e30654a3c86e572d"],
  ["Package.id?: (some CyberAlchemy)", "145ff4c6b42a15f8"],
  ["Module.leanArgs: #[]", "00000000000006bb"]],
 "depHash": "bf16cb822a40eb23"}