{"synthetic": false,
 "schemaVersion": "2025-09-10",
 "outputs":
 {"o": ["f9f63de26d6a9608.olean"],
  "i": "1c1065d5d72fd477.ilean",
  "c": "9e4d730c9e7f157c.c"},
 "log":
 [{"message":
   ".> LEAN_PATH=/home/phrxmaz/Documents/CyberAlchemy/.lake/packages/Cli/.lake/build/lib/lean:/home/phrxmaz/Documents/CyberAlchemy/.lake/packages/batteries/.lake/build/lib/lean:/home/phrxmaz/Documents/CyberAlchemy/.lake/packages/Qq/.lake/build/lib/lean:/home/phrxmaz/Documents/CyberAlchemy/.lake/packages/aesop/.lake/build/lib/lean:/home/phrxmaz/Documents/CyberAlchemy/.lake/packages/proofwidgets/.lake/build/lib/lean:/home/phrxmaz/Documents/CyberAlchemy/.lake/packages/importGraph/.lake/build/lib/lean:/home/phrxmaz/Documents/CyberAlchemy/.lake/packages/LeanSearchClient/.lake/build/lib/lean:/home/phrxmaz/Documents/CyberAlchemy/.lake/packages/plausible/.lake/build/lib/lean:/home/phrxmaz/Documents/CyberAlchemy/.lake/packages/mathlib/.lake/build/lib/lean:/home/phrxmaz/Documents/CyberAlchemy/.lake/build/lib/lean /home/phrxmaz/.elan/toolchains/leanprover--lean4---v4.29.1/bin/lean /home/phrxmaz/Documents/CyberAlchemy/CyberAlchemy/StructuralHeterogeneity.lean -o /home/phrxmaz/Documents/CyberAlchemy/.lake/build/lib/lean/CyberAlchemy/StructuralHeterogeneity.olean -i /home/phrxmaz/Documents/CyberAlchemy/.lake/build/lib/lean/CyberAlchemy/StructuralHeterogeneity.ilean -c /home/phrxmaz/Documents/CyberAlchemy/.lake/build/ir/CyberAlchemy/StructuralHeterogeneity.c --setup /home/phrxmaz/Documents/CyberAlchemy/.lake/build/ir/CyberAlchemy/StructuralHeterogeneity.setup.json --json",
   "level": "trace"}],
 "inputs":
 [["CyberAlchemy.StructuralHeterogeneity:deps",
   [["deps",
     [["CyberAlchemy/CyberAlchemy:extraDep",
       [["@CyberAlchemy:extraDep", "00000000000006bb"]]],
      ["imports",
       [["CyberAlchemy.ProtorealGraph transitive imports (legacy)",
         "25378c7082eb0602"],
        ["CyberAlchemy.ProtorealGraph:importAllArts", "6581a5e57472509a"],
        ["CyberAlchemy.EulerPerception transitive imports (legacy)",
         "ffa124cfd2f234ca"],
        ["CyberAlchemy.EulerPerception:importAllArts", "ab8dc4e7a800d40a"],
        ["CyberAlchemy.Uncomplex transitive imports (legacy)",
         "e2df078b47d23a60"],
        ["CyberAlchemy.Uncomplex:importAllArts", "8ce67580c23deab5"],
        ["CyberAlchemy.LGKCosmology transitive imports (legacy)",
         "155e42b5c05bda4a"],
        ["CyberAlchemy.LGKCosmology:importAllArts", "1884f324a0e004fa"]]]]],
    ["libs",
     [["import dynlibs", "00000000000006bb"],
      ["package external libraries", "00000000000006bb"],
      ["module dynlibs", "00000000000006bb"],
      ["module plugins", "00000000000006bb"]]]]],
  ["Lean 4.29.1, commit f72c35b3f637c8c6571d353742168ab66cc22c00",
   "fa77a35a41db35c0"],
  ["/home/phrxmaz/Documents/CyberAlchemy/CyberAlchemy/StructuralHeterogeneity.lean",
   "31595636d2f3adb6"],
  ["options",
   [["-DrelaxedAutoImplicit=false", "74a2b5546b55be80"],
    ["-Dpp.unicode.fun=true", "9b94070140457fab"]]],
  ["isModule: false", "feefd2a0d3a1847e"],
  ["Module.name: CyberAlchemy.StructuralHeterogeneity", "645318f05ae3a3a8"],
  ["Package.id?: (some CyberAlchemy)", "145ff4c6b42a15f8"],
  ["Module.leanArgs: #[]", "00000000000006bb"]],
 "depHash": "c9d252c149972cc2"}