{"synthetic": false,
 "schemaVersion": "2025-09-10",
 "outputs":
 {"o": ["76ffd5e356bc8cf2.olean"],
  "i": "34067bf01a09357c.ilean",
  "c": "14573836ba152dc7.c"},
 "log":
 [{"message":
   ".> LEAN_PATH=/home/phrxmaz/Documents/CyberAlchemy/.lake/packages/Cli/.lake/build/lib/lean:/home/phrxmaz/Documents/CyberAlchemy/.lake/packages/batteries/.lake/build/lib/lean:/home/phrxmaz/Documents/CyberAlchemy/.lake/packages/Qq/.lake/build/lib/lean:/home/phrxmaz/Documents/CyberAlchemy/.lake/packages/aesop/.lake/build/lib/lean:/home/phrxmaz/Documents/CyberAlchemy/.lake/packages/proofwidgets/.lake/build/lib/lean:/home/phrxmaz/Documents/CyberAlchemy/.lake/packages/importGraph/.lake/build/lib/lean:/home/phrxmaz/Documents/CyberAlchemy/.lake/packages/LeanSearchClient/.lake/build/lib/lean:/home/phrxmaz/Documents/CyberAlchemy/.lake/packages/plausible/.lake/build/lib/lean:/home/phrxmaz/Documents/CyberAlchemy/.lake/packages/mathlib/.lake/build/lib/lean:/home/phrxmaz/Documents/CyberAlchemy/.lake/build/lib/lean /home/phrxmaz/.elan/toolchains/leanprover--lean4---v4.29.1/bin/lean /home/phrxmaz/Documents/CyberAlchemy/CyberAlchemy/TopologicalFirewall.lean -o /home/phrxmaz/Documents/CyberAlchemy/.lake/build/lib/lean/CyberAlchemy/TopologicalFirewall.olean -i /home/phrxmaz/Documents/CyberAlchemy/.lake/build/lib/lean/CyberAlchemy/TopologicalFirewall.ilean -c /home/phrxmaz/Documents/CyberAlchemy/.lake/build/ir/CyberAlchemy/TopologicalFirewall.c --setup /home/phrxmaz/Documents/CyberAlchemy/.lake/build/ir/CyberAlchemy/TopologicalFirewall.setup.json --json",
   "level": "trace"}],
 "inputs":
 [["CyberAlchemy.TopologicalFirewall:deps",
   [["deps",
     [["CyberAlchemy/CyberAlchemy:extraDep",
       [["@CyberAlchemy:extraDep", "00000000000006bb"]]],
      ["imports",
       [["CyberAlchemy.TensorImaginaryBridge transitive imports (legacy)",
         "16dad29ed53c05ab"],
        ["CyberAlchemy.TensorImaginaryBridge:importAllArts",
         "a9e9944f2d7e1e11"],
        ["CyberAlchemy.QuaternionInverse transitive imports (legacy)",
         "26766d4ffc93d818"],
        ["CyberAlchemy.QuaternionInverse:importAllArts", "89ecae95ccfdfd45"],
        ["CyberAlchemy.CognitiveSecurity transitive imports (legacy)",
         "f6845d6f5ed829dc"],
        ["CyberAlchemy.CognitiveSecurity:importAllArts", "1721e4cebd40321a"],
        ["Mathlib.Data.Complex.Basic transitive imports (legacy)",
         "9e4dc45d40bd329a"],
        ["Mathlib.Data.Complex.Basic:importAllArts", "c2f8f7af85dd1ecd"]]]]],
    ["libs",
     [["import dynlibs", "00000000000006bb"],
      ["package external libraries", "00000000000006bb"],
      ["module dynlibs", "00000000000006bb"],
      ["module plugins", "00000000000006bb"]]]]],
  ["Lean 4.29.1, commit f72c35b3f637c8c6571d353742168ab66cc22c00",
   "fa77a35a41db35c0"],
  ["/home/phrxmaz/Documents/CyberAlchemy/CyberAlchemy/TopologicalFirewall.lean",
   "e723efc000d106fd"],
  ["options",
   [["-DrelaxedAutoImplicit=false", "74a2b5546b55be80"],
    ["-Dpp.unicode.fun=true", "9b94070140457fab"]]],
  ["isModule: false", "feefd2a0d3a1847e"],
  ["Module.name: CyberAlchemy.TopologicalFirewall", "f47a19eeaf31a09f"],
  ["Package.id?: (some CyberAlchemy)", "145ff4c6b42a15f8"],
  ["Module.leanArgs: #[]", "00000000000006bb"]],
 "depHash": "db73d919bec3db56"}