{"synthetic": false,
 "schemaVersion": "2025-09-10",
 "outputs":
 {"o": ["6f06f411aef7f785.olean"],
  "i": "735fa46da1195d54.ilean",
  "c": "545816b3c0f44066.c"},
 "log":
 [{"message":
   ".> LEAN_PATH=/home/phrxmaz/Documents/CyberAlchemy/.lake/packages/Cli/.lake/build/lib/lean:/home/phrxmaz/Documents/CyberAlchemy/.lake/packages/batteries/.lake/build/lib/lean:/home/phrxmaz/Documents/CyberAlchemy/.lake/packages/Qq/.lake/build/lib/lean:/home/phrxmaz/Documents/CyberAlchemy/.lake/packages/aesop/.lake/build/lib/lean:/home/phrxmaz/Documents/CyberAlchemy/.lake/packages/proofwidgets/.lake/build/lib/lean:/home/phrxmaz/Documents/CyberAlchemy/.lake/packages/importGraph/.lake/build/lib/lean:/home/phrxmaz/Documents/CyberAlchemy/.lake/packages/LeanSearchClient/.lake/build/lib/lean:/home/phrxmaz/Documents/CyberAlchemy/.lake/packages/plausible/.lake/build/lib/lean:/home/phrxmaz/Documents/CyberAlchemy/.lake/packages/mathlib/.lake/build/lib/lean:/home/phrxmaz/Documents/CyberAlchemy/.lake/build/lib/lean /home/phrxmaz/.elan/toolchains/leanprover--lean4---v4.29.1/bin/lean /home/phrxmaz/Documents/CyberAlchemy/CyberAlchemy/TranscendentalBasis.lean -o /home/phrxmaz/Documents/CyberAlchemy/.lake/build/lib/lean/CyberAlchemy/TranscendentalBasis.olean -i /home/phrxmaz/Documents/CyberAlchemy/.lake/build/lib/lean/CyberAlchemy/TranscendentalBasis.ilean -c /home/phrxmaz/Documents/CyberAlchemy/.lake/build/ir/CyberAlchemy/TranscendentalBasis.c --setup /home/phrxmaz/Documents/CyberAlchemy/.lake/build/ir/CyberAlchemy/TranscendentalBasis.setup.json --json",
   "level": "trace"},
  {"message":
   "CyberAlchemy/TranscendentalBasis.lean:73:8: This simp argument is unused:\n  Complex.cos_ofReal_re\n\nHint: Omit it from the simp argument list.\n  simp [̵C̵o̵m̵p̵l̵e̵x̵.̵c̵o̵s̵_̵o̵f̵R̵e̵a̵l̵_̵r̵e̵,̵ ̵C̵o̵m̵p̵l̵e̵x̵.̵s̵i̵n̵_̵o̵f̵R̵e̵a̵l̵_̵r̵e̵,̵[̲C̲o̲m̲p̲l̲e̲x̲.̲s̲i̲n̲_̲o̲f̲R̲e̲a̲l̲_̲r̲e̲,̲ Real.cos_pi, Real.sin_pi]\n\nNote: This linter can be disabled with `set_option linter.unusedSimpArgs false`",
   "level": "warning"},
  {"message":
   "CyberAlchemy/TranscendentalBasis.lean:73:31: This simp argument is unused:\n  Complex.sin_ofReal_re\n\nHint: Omit it from the simp argument list.\n  simp [Complex.cos_ofReal_re, C̵o̵m̵p̵l̵e̵x̵.̵s̵i̵n̵_̵o̵f̵R̵e̵a̵l̵_̵r̵e̵,̵Real.cos_pi, Real.sin_pi]\n\nNote: This linter can be disabled with `set_option linter.unusedSimpArgs false`",
   "level": "warning"},
  {"message":
   "CyberAlchemy/TranscendentalBasis.lean:74:4: This simp argument is unused:\n  Real.cos_pi\n\nHint: Omit it from the simp argument list.\n  simp [Complex.cos_ofReal_re, Complex.sin_ofReal_re, R̵e̵a̵l̵.̵c̵o̵s̵_̵p̵i̵,̵ ̵Real.sin_pi]\n\nNote: This linter can be disabled with `set_option linter.unusedSimpArgs false`",
   "level": "warning"},
  {"message":
   "CyberAlchemy/TranscendentalBasis.lean:74:17: This simp argument is unused:\n  Real.sin_pi\n\nHint: Omit it from the simp argument list.\n  simp [Complex.cos_ofReal_re, Complex.sin_ofReal_re, R̵e̵a̵l̵.̵c̵o̵s̵_̵p̵i̵,̵ ̵R̵e̵a̵l̵.̵s̵i̵n̵_̵p̵i̵]̵R̲e̲a̲l̲.̲c̲o̲s̲_̲p̲i̲]̲\n\nNote: This linter can be disabled with `set_option linter.unusedSimpArgs false`",
   "level": "warning"}],
 "inputs":
 [["CyberAlchemy.TranscendentalBasis:deps",
   [["deps",
     [["CyberAlchemy/CyberAlchemy:extraDep",
       [["@CyberAlchemy:extraDep", "00000000000006bb"]]],
      ["imports",
       [["CyberAlchemy.ProtoLite transitive imports (legacy)",
         "debfc628b9a33703"],
        ["CyberAlchemy.ProtoLite:importAllArts", "40f3b19fea9dc513"],
        ["Mathlib.Analysis.SpecialFunctions.Trigonometric.Basic transitive imports (legacy)",
         "37d86e2e7eb9a674"],
        ["Mathlib.Analysis.SpecialFunctions.Trigonometric.Basic:importAllArts",
         "bae60d17beac830e"],
        ["Mathlib.NumberTheory.Harmonic.EulerMascheroni transitive imports (legacy)",
         "9a3307a2c0c06561"],
        ["Mathlib.NumberTheory.Harmonic.EulerMascheroni:importAllArts",
         "881a6c6fd0f722ce"]]]]],
    ["libs",
     [["import dynlibs", "00000000000006bb"],
      ["package external libraries", "00000000000006bb"],
      ["module dynlibs", "00000000000006bb"],
      ["module plugins", "00000000000006bb"]]]]],
  ["Lean 4.29.1, commit f72c35b3f637c8c6571d353742168ab66cc22c00",
   "fa77a35a41db35c0"],
  ["/home/phrxmaz/Documents/CyberAlchemy/CyberAlchemy/TranscendentalBasis.lean",
   "3ef46fac8499213e"],
  ["options",
   [["-DrelaxedAutoImplicit=false", "74a2b5546b55be80"],
    ["-Dpp.unicode.fun=true", "9b94070140457fab"]]],
  ["isModule: false", "feefd2a0d3a1847e"],
  ["Module.name: CyberAlchemy.TranscendentalBasis", "c9d036fabe039c14"],
  ["Package.id?: (some CyberAlchemy)", "145ff4c6b42a15f8"],
  ["Module.leanArgs: #[]", "00000000000006bb"]],
 "depHash": "eb555c000d1b8e28"}