{"synthetic": false,
 "schemaVersion": "2025-09-10",
 "outputs":
 {"o": ["969526c684f53c04.olean"],
  "i": "5b85e353bdf1af0f.ilean",
  "c": "24bef2bb8f2a74b8.c"},
 "log":
 [{"message":
   ".> LEAN_PATH=/home/phrxmaz/Documents/CyberAlchemy/.lake/packages/Cli/.lake/build/lib/lean:/home/phrxmaz/Documents/CyberAlchemy/.lake/packages/batteries/.lake/build/lib/lean:/home/phrxmaz/Documents/CyberAlchemy/.lake/packages/Qq/.lake/build/lib/lean:/home/phrxmaz/Documents/CyberAlchemy/.lake/packages/aesop/.lake/build/lib/lean:/home/phrxmaz/Documents/CyberAlchemy/.lake/packages/proofwidgets/.lake/build/lib/lean:/home/phrxmaz/Documents/CyberAlchemy/.lake/packages/importGraph/.lake/build/lib/lean:/home/phrxmaz/Documents/CyberAlchemy/.lake/packages/LeanSearchClient/.lake/build/lib/lean:/home/phrxmaz/Documents/CyberAlchemy/.lake/packages/plausible/.lake/build/lib/lean:/home/phrxmaz/Documents/CyberAlchemy/.lake/packages/mathlib/.lake/build/lib/lean:/home/phrxmaz/Documents/CyberAlchemy/.lake/build/lib/lean /home/phrxmaz/.elan/toolchains/leanprover--lean4---v4.29.1/bin/lean /home/phrxmaz/Documents/CyberAlchemy/CyberAlchemy.lean -o /home/phrxmaz/Documents/CyberAlchemy/.lake/build/lib/lean/CyberAlchemy.olean -i /home/phrxmaz/Documents/CyberAlchemy/.lake/build/lib/lean/CyberAlchemy.ilean -c /home/phrxmaz/Documents/CyberAlchemy/.lake/build/ir/CyberAlchemy.c --setup /home/phrxmaz/Documents/CyberAlchemy/.lake/build/ir/CyberAlchemy.setup.json --json",
   "level": "trace"}],
 "inputs":
 [["CyberAlchemy:deps",
   [["deps",
     [["CyberAlchemy/CyberAlchemy:extraDep",
       [["@CyberAlchemy:extraDep", "00000000000006bb"]]],
      ["imports",
       [["CyberAlchemy.AdelicStructure transitive imports (legacy)",
         "2f14757193389d2d"],
        ["CyberAlchemy.AdelicStructure:importAllArts", "2a04af380ca28d59"],
        ["CyberAlchemy.AgenticFrame transitive imports (legacy)",
         "c687e496f7ba6d68"],
        ["CyberAlchemy.AgenticFrame:importAllArts", "aa2207cc9a26d53f"],
        ["CyberAlchemy.AgenticKeychain transitive imports (legacy)",
         "15f3f739db4ddda5"],
        ["CyberAlchemy.AgenticKeychain:importAllArts", "fa03c87f1b235aaf"],
        ["CyberAlchemy.AgenticRank transitive imports (legacy)",
         "40450943da764ece"],
        ["CyberAlchemy.AgenticRank:importAllArts", "d7694503f32bafc2"],
        ["CyberAlchemy.AgingEvolution transitive imports (legacy)",
         "092ab6b4d0218b1f"],
        ["CyberAlchemy.AgingEvolution:importAllArts", "bfec51fe9a1fbb46"],
        ["CyberAlchemy.AntiSpoofing transitive imports (legacy)",
         "6ee7d5aabbf16d05"],
        ["CyberAlchemy.AntiSpoofing:importAllArts", "316daa3d0cae4563"],
        ["CyberAlchemy.Apoptosis transitive imports (legacy)",
         "4f2dddd9e50c638f"],
        ["CyberAlchemy.Apoptosis:importAllArts", "dfb30fdaf6577ef2"],
        ["CyberAlchemy.AstromaticsTopology transitive imports (legacy)",
         "e41a0f06d400e75f"],
        ["CyberAlchemy.AstromaticsTopology:importAllArts", "b760ce682d6b0479"],
        ["CyberAlchemy.AsymptoticTransfinites transitive imports (legacy)",
         "d6026302764f94b4"],
        ["CyberAlchemy.AsymptoticTransfinites:importAllArts",
         "b35862287343404a"],
        ["CyberAlchemy.Awareness transitive imports (legacy)",
         "fff003bd1fd14472"],
        ["CyberAlchemy.Awareness:importAllArts", "7c11865b3b7f99d3"],
        ["CyberAlchemy.Basic transitive imports (legacy)", "1a7fb5153a0c7cc6"],
        ["CyberAlchemy.Basic:importAllArts", "8943365e0b68b91e"],
        ["CyberAlchemy.Bitcollapse transitive imports (legacy)",
         "fbebcddde571db19"],
        ["CyberAlchemy.Bitcollapse:importAllArts", "ebb5b75b95bf5999"],
        ["CyberAlchemy.BitCollapse transitive imports (legacy)",
         "d0cd7fa009a9bc5b"],
        ["CyberAlchemy.BitCollapse:importAllArts", "ba15db1955acda9b"],
        ["CyberAlchemy.BohmOrder transitive imports (legacy)",
         "4ffd6acd2ff44ed2"],
        ["CyberAlchemy.BohmOrder:importAllArts", "82853cdaba616a71"],
        ["CyberAlchemy.BohmShannonOverlap transitive imports (legacy)",
         "ddb533ac6b8a6f81"],
        ["CyberAlchemy.BohmShannonOverlap:importAllArts", "3e370760c0c5dade"],
        ["CyberAlchemy.BorrowObserver transitive imports (legacy)",
         "c9204bdb73daa094"],
        ["CyberAlchemy.BorrowObserver:importAllArts", "00c3639d66f7393b"],
        ["CyberAlchemy.C46Unification transitive imports (legacy)",
         "12b501e63facfe5a"],
        ["CyberAlchemy.C46Unification:importAllArts", "b0ea1f3d1b74429a"],
        ["CyberAlchemy.CellSplitting transitive imports (legacy)",
         "8c6da287956d89fd"],
        ["CyberAlchemy.CellSplitting:importAllArts", "8908c13a3e3a39a1"],
        ["CyberAlchemy.ChromaticCombinatorics transitive imports (legacy)",
         "ac454eae35ff0d42"],
        ["CyberAlchemy.ChromaticCombinatorics:importAllArts",
         "e05b176951226552"],
        ["CyberAlchemy.ChromaticHolomovement transitive imports (legacy)",
         "c3f883be40f5699b"],
        ["CyberAlchemy.ChromaticHolomovement:importAllArts",
         "71934ce285182548"],
        ["CyberAlchemy.CognitiveSecurity transitive imports (legacy)",
         "f6845d6f5ed829dc"],
        ["CyberAlchemy.CognitiveSecurity:importAllArts", "1721e4cebd40321a"],
        ["CyberAlchemy.CollatzResonance transitive imports (legacy)",
         "dfaaba6d03052e09"],
        ["CyberAlchemy.CollatzResonance:importAllArts", "a3e9ef622860e760"],
        ["CyberAlchemy.CommutatorGap transitive imports (legacy)",
         "63abf363b297c668"],
        ["CyberAlchemy.CommutatorGap:importAllArts", "d619983115d20752"],
        ["CyberAlchemy.ComputationalCharge transitive imports (legacy)",
         "7576128cb9420eeb"],
        ["CyberAlchemy.ComputationalCharge:importAllArts", "5060ac5e163ff4a2"],
        ["CyberAlchemy.ConnesWienerAlgebra transitive imports (legacy)",
         "099c7a5b16357763"],
        ["CyberAlchemy.ConnesWienerAlgebra:importAllArts", "c5f0c84572ac5c3a"],
        ["CyberAlchemy.ConsciousConservation transitive imports (legacy)",
         "d20762c319bf45f5"],
        ["CyberAlchemy.ConsciousConservation:importAllArts",
         "f18579c7bab7de66"],
        ["CyberAlchemy.CradleContinuation transitive imports (legacy)",
         "b751786958767860"],
        ["CyberAlchemy.CradleContinuation:importAllArts", "0f94d5e41469f3cc"],
        ["CyberAlchemy.CyberBundle transitive imports (legacy)",
         "588e0eed6f3eb790"],
        ["CyberAlchemy.CyberBundle:importAllArts", "9749af0126bc2657"],
        ["CyberAlchemy.CyberneticActionReaction transitive imports (legacy)",
         "449e7c196458e5d0"],
        ["CyberAlchemy.CyberneticActionReaction:importAllArts",
         "60616a37495bf0df"],
        ["CyberAlchemy.CyberneticChemistry transitive imports (legacy)",
         "cd8669acfb132e94"],
        ["CyberAlchemy.CyberneticChemistry:importAllArts", "7bdcbf8caf1b46a0"],
        ["CyberAlchemy.CyberneticElectromagnetism transitive imports (legacy)",
         "86125b3976f0c615"],
        ["CyberAlchemy.CyberneticElectromagnetism:importAllArts",
         "1348a97c50c1d131"],
        ["CyberAlchemy.CyberneticEquilibrium transitive imports (legacy)",
         "c4d3aa31a77f144a"],
        ["CyberAlchemy.CyberneticEquilibrium:importAllArts",
         "9d8f6f4db707015e"],
        ["CyberAlchemy.CyberneticLife transitive imports (legacy)",
         "60266b826022a0b0"],
        ["CyberAlchemy.CyberneticLife:importAllArts", "76dfebb2082d2967"],
        ["CyberAlchemy.CyclicCosmology transitive imports (legacy)",
         "fcf36cb0d3aa69be"],
        ["CyberAlchemy.CyclicCosmology:importAllArts", "84eac94012ecc236"],
        ["CyberAlchemy.Deriv transitive imports (legacy)", "52a71afcffa39a91"],
        ["CyberAlchemy.Deriv:importAllArts", "bbfa120357a94d4f"],
        ["CyberAlchemy.DMinorResonance transitive imports (legacy)",
         "828f05a4341f8665"],
        ["CyberAlchemy.DMinorResonance:importAllArts", "27373aefeec7f406"],
        ["CyberAlchemy.Duality43 transitive imports (legacy)",
         "6d6c5d30a81ac105"],
        ["CyberAlchemy.Duality43:importAllArts", "b915cb8cc28f487e"],
        ["CyberAlchemy.DualityTheorem transitive imports (legacy)",
         "b4561b0a7a1186da"],
        ["CyberAlchemy.DualityTheorem:importAllArts", "e6648078bcf0031f"],
        ["CyberAlchemy.Eigenstein transitive imports (legacy)",
         "10628da85815bcfd"],
        ["CyberAlchemy.Eigenstein:importAllArts", "be37b95799b58b78"],
        ["CyberAlchemy.ElementPower transitive imports (legacy)",
         "4248d3704af24c8b"],
        ["CyberAlchemy.ElementPower:importAllArts", "b6358ced353b6f7a"],
        ["CyberAlchemy.EmotionalLFunctions transitive imports (legacy)",
         "7e1356bf724adab1"],
        ["CyberAlchemy.EmotionalLFunctions:importAllArts", "a8a5c8d509553363"],
        ["CyberAlchemy.EmotionalSecurity transitive imports (legacy)",
         "657af14d3b85db4c"],
        ["CyberAlchemy.EmotionalSecurity:importAllArts", "1d33eeca17bd5107"],
        ["CyberAlchemy.EmpathyPlasmaWall transitive imports (legacy)",
         "b12ff3120ff03894"],
        ["CyberAlchemy.EmpathyPlasmaWall:importAllArts", "3e11a7e4de6fa4d6"],
        ["CyberAlchemy.ErrorCorrection transitive imports (legacy)",
         "8ef0d617379e1be3"],
        ["CyberAlchemy.ErrorCorrection:importAllArts", "46475df0aeff2032"],
        ["CyberAlchemy.EulerComposition transitive imports (legacy)",
         "00000000000006bb"],
        ["CyberAlchemy.EulerComposition:importAllArts", "9993a793a5ee8afd"],
        ["CyberAlchemy.EulerPerception transitive imports (legacy)",
         "ffa124cfd2f234ca"],
        ["CyberAlchemy.EulerPerception:importAllArts", "ab8dc4e7a800d40a"],
        ["CyberAlchemy.EulersCradle transitive imports (legacy)",
         "4a3d9dc9edfcb8b4"],
        ["CyberAlchemy.EulersCradle:importAllArts", "1cc7f5d0cf1bc9e2"],
        ["CyberAlchemy.ExteriorAlgebra transitive imports (legacy)",
         "98fd10ce6c7bda05"],
        ["CyberAlchemy.ExteriorAlgebra:importAllArts", "a7fec6b9911d7885"],
        ["CyberAlchemy.FractalHodge transitive imports (legacy)",
         "c857449ff5f50e59"],
        ["CyberAlchemy.FractalHodge:importAllArts", "e55de4b76e495eea"],
        ["CyberAlchemy.FrenetSerretCybernetics transitive imports (legacy)",
         "b4740d466386373b"],
        ["CyberAlchemy.FrenetSerretCybernetics:importAllArts",
         "a825919ff8e279c5"],
        ["CyberAlchemy.FusionRing transitive imports (legacy)",
         "ab1d013603ecbfb4"],
        ["CyberAlchemy.FusionRing:importAllArts", "79f8877824a7a6a7"],
        ["CyberAlchemy.GameExtensionality transitive imports (legacy)",
         "1e86e47115998c28"],
        ["CyberAlchemy.GameExtensionality:importAllArts", "0cd24992ab145c27"],
        ["CyberAlchemy.GaugeEmergence transitive imports (legacy)",
         "403b51655566d115"],
        ["CyberAlchemy.GaugeEmergence:importAllArts", "6b0ba362840bd047"],
        ["CyberAlchemy.GeneralInversion transitive imports (legacy)",
         "c5dbec085a05163e"],
        ["CyberAlchemy.GeneralInversion:importAllArts", "b7c80e1840d4bd7a"],
        ["CyberAlchemy.GlialDopant transitive imports (legacy)",
         "afda97d8a729d710"],
        ["CyberAlchemy.GlialDopant:importAllArts", "8bf0b520ad873a2c"],
        ["CyberAlchemy.GoethePrimeHarmonics transitive imports (legacy)",
         "a9b06abf2de1146c"],
        ["CyberAlchemy.GoethePrimeHarmonics:importAllArts", "b659e799942db5e2"],
        ["CyberAlchemy.GoldenChromodynamics transitive imports (legacy)",
         "52a71afcffa39a91"],
        ["CyberAlchemy.GoldenChromodynamics:importAllArts", "896187c81c8f1cc8"],
        ["CyberAlchemy.GoldenHodgeExt transitive imports (legacy)",
         "6ab68f23f862deba"],
        ["CyberAlchemy.GoldenHodgeExt:importAllArts", "4ef13dec8d3b93b9"],
        ["CyberAlchemy.GoldenLattice transitive imports (legacy)",
         "52a71afcffa39a91"],
        ["CyberAlchemy.GoldenLattice:importAllArts", "c83bf77eae695bed"],
        ["CyberAlchemy.GoldenSubgroup transitive imports (legacy)",
         "52a71afcffa39a91"],
        ["CyberAlchemy.GoldenSubgroup:importAllArts", "361c891dd46d6016"],
        ["CyberAlchemy.GoldenVeblen transitive imports (legacy)",
         "52a71afcffa39a91"],
        ["CyberAlchemy.GoldenVeblen:importAllArts", "4e90665d6f384e62"],
        ["CyberAlchemy.GrandUnification transitive imports (legacy)",
         "379ceae5dd4c8d5f"],
        ["CyberAlchemy.GrandUnification:importAllArts", "f1c12697cfb4ebd5"],
        ["CyberAlchemy.GrothendieckString transitive imports (legacy)",
         "73b0c8bad6b8288f"],
        ["CyberAlchemy.GrothendieckString:importAllArts", "75381570e2be0a30"],
        ["CyberAlchemy.HiddenWeight transitive imports (legacy)",
         "f2fcbf7a9d8a0f41"],
        ["CyberAlchemy.HiddenWeight:importAllArts", "24b0f8657d8d074e"],
        ["CyberAlchemy.HierarchicalMayerVietoris transitive imports (legacy)",
         "0c86a8d6194eb9ab"],
        ["CyberAlchemy.HierarchicalMayerVietoris:importAllArts",
         "fdcb82e328eb22c5"],
        ["CyberAlchemy.HodgeConjecture transitive imports (legacy)",
         "912f5653d2b94c2d"],
        ["CyberAlchemy.HodgeConjecture:importAllArts", "24211f527bd1dfbc"],
        ["CyberAlchemy.HodgeDecomposition transitive imports (legacy)",
         "77e3ea0bd3e62429"],
        ["CyberAlchemy.HodgeDecomposition:importAllArts", "ef208e98f2b311e7"],
        ["CyberAlchemy.HolographicCollapse transitive imports (legacy)",
         "911d9bd9cf4134e7"],
        ["CyberAlchemy.HolographicCollapse:importAllArts", "935a0f32c637dea8"],
        ["CyberAlchemy.HoloneticColors transitive imports (legacy)",
         "fcf36cb0d3aa69be"],
        ["CyberAlchemy.HoloneticColors:importAllArts", "2907b9d9647743ad"],
        ["CyberAlchemy.HoloneticNS transitive imports (legacy)",
         "3c86dd0021914891"],
        ["CyberAlchemy.HoloneticNS:importAllArts", "7a03ec76c1131571"],
        ["CyberAlchemy.HyperbolicGeneralization transitive imports (legacy)",
         "d8be6898bb985276"],
        ["CyberAlchemy.HyperbolicGeneralization:importAllArts",
         "2f693ec51d0d2be3"],
        ["CyberAlchemy.HyperbolicIdentity transitive imports (legacy)",
         "52a71afcffa39a91"],
        ["CyberAlchemy.HyperbolicIdentity:importAllArts", "5e8a39086fba385b"],
        ["CyberAlchemy.HyperDifference transitive imports (legacy)",
         "a69fc86774f5708b"],
        ["CyberAlchemy.HyperDifference:importAllArts", "9bb4cdc62625e0a7"],
        ["CyberAlchemy.HyperKlein transitive imports (legacy)",
         "b264e3923a6d3b52"],
        ["CyberAlchemy.HyperKlein:importAllArts", "c50e587bda4778d8"],
        ["CyberAlchemy.HyperoperationalMechanics transitive imports (legacy)",
         "3d730765c0330e47"],
        ["CyberAlchemy.HyperoperationalMechanics:importAllArts",
         "3e2a5394f4657ece"],
        ["CyberAlchemy.HyperOperationScaling transitive imports (legacy)",
         "772d49da0cc833cb"],
        ["CyberAlchemy.HyperOperationScaling:importAllArts",
         "9c5185bbc6bbd3f3"],
        ["CyberAlchemy.IncompletenessSource transitive imports (legacy)",
         "2171d10b7b1233fc"],
        ["CyberAlchemy.IncompletenessSource:importAllArts", "0401cf487053b75f"],
        ["CyberAlchemy.Infochemistry transitive imports (legacy)",
         "53fcc16bfdb2a2ae"],
        ["CyberAlchemy.Infochemistry:importAllArts", "4b374b7305d8c318"],
        ["CyberAlchemy.Infonad transitive imports (legacy)",
         "aeb875d8c74a2019"],
        ["CyberAlchemy.Infonad:importAllArts", "d0ee480a263f5a59"],
        ["CyberAlchemy.InfotonThermodynamics transitive imports (legacy)",
         "8b217af117f52622"],
        ["CyberAlchemy.InfotonThermodynamics:importAllArts",
         "126940cf4654f34e"],
        ["CyberAlchemy.Invariance transitive imports (legacy)",
         "782f5fce75c4eb69"],
        ["CyberAlchemy.Invariance:importAllArts", "fc30432e5e20ca30"],
        ["CyberAlchemy.JetSheaf transitive imports (legacy)",
         "f36d5c00350893c7"],
        ["CyberAlchemy.JetSheaf:importAllArts", "d1a855ea908f906f"],
        ["CyberAlchemy.KamaTrain transitive imports (legacy)",
         "2077c4578884dd92"],
        ["CyberAlchemy.KamaTrain:importAllArts", "dd67fb9c70fe37b3"],
        ["CyberAlchemy.KleinAlgebra transitive imports (legacy)",
         "ec999c64f68f592a"],
        ["CyberAlchemy.KleinAlgebra:importAllArts", "448ecfb7adff2da0"],
        ["CyberAlchemy.KleinBottle transitive imports (legacy)",
         "908bf5186b4f2b9d"],
        ["CyberAlchemy.KleinBottle:importAllArts", "dfe0c6fb8d8fa174"],
        ["CyberAlchemy.KleinTopology transitive imports (legacy)",
         "2a921536c8386ed2"],
        ["CyberAlchemy.KleinTopology:importAllArts", "e77c63632b3bae73"],
        ["CyberAlchemy.LangSemantics transitive imports (legacy)",
         "2a7927e29cf2ee11"],
        ["CyberAlchemy.LangSemantics:importAllArts", "62b01853dc1074d2"],
        ["CyberAlchemy.LGKCosmology transitive imports (legacy)",
         "155e42b5c05bda4a"],
        ["CyberAlchemy.LGKCosmology:importAllArts", "1884f324a0e004fa"],
        ["CyberAlchemy.LieAlgebra transitive imports (legacy)",
         "a9196c1524395191"],
        ["CyberAlchemy.LieAlgebra:importAllArts", "47e53a2b7ac732a5"],
        ["CyberAlchemy.LingualMorphism transitive imports (legacy)",
         "dc9e2dfef566b638"],
        ["CyberAlchemy.LingualMorphism:importAllArts", "95ad2b57631edbeb"],
        ["CyberAlchemy.LittleDelta transitive imports (legacy)",
         "05b2ee99d015e3b4"],
        ["CyberAlchemy.LittleDelta:importAllArts", "4ca952d07c34caca"],
        ["CyberAlchemy.LSheaf43 transitive imports (legacy)",
         "608c0713e11ac08e"],
        ["CyberAlchemy.LSheaf43:importAllArts", "d62d835708201e88"],
        ["CyberAlchemy.ManifoldMorphism transitive imports (legacy)",
         "2f20dd5dd84ce940"],
        ["CyberAlchemy.ManifoldMorphism:importAllArts", "c8c4d717ccd17931"],
        ["CyberAlchemy.MassGap transitive imports (legacy)",
         "6d734bce4b062b0c"],
        ["CyberAlchemy.MassGap:importAllArts", "3faa948dd069ecbd"],
        ["CyberAlchemy.MatterAntimatter transitive imports (legacy)",
         "f6fa03b4fd98a49b"],
        ["CyberAlchemy.MatterAntimatter:importAllArts", "75e1a6928cf041f5"],
        ["CyberAlchemy.MayerVietoris transitive imports (legacy)",
         "12c4e88a12266af1"],
        ["CyberAlchemy.MayerVietoris:importAllArts", "43453f2bee55aeb1"],
        ["CyberAlchemy.MeshDef transitive imports (legacy)",
         "443d89fcffb56927"],
        ["CyberAlchemy.MeshDef:importAllArts", "c884e85e76f2995e"],
        ["CyberAlchemy.MetaBackpropagation transitive imports (legacy)",
         "756ce9ecdf9db09c"],
        ["CyberAlchemy.MetaBackpropagation:importAllArts", "798e9cdaf139f420"],
        ["CyberAlchemy.MetaCritical transitive imports (legacy)",
         "e6844d4551610fda"],
        ["CyberAlchemy.MetaCritical:importAllArts", "5f1ff350fdbd6d68"],
        ["CyberAlchemy.MetalloOrganicSemantics transitive imports (legacy)",
         "ccaf03740325f6f7"],
        ["CyberAlchemy.MetalloOrganicSemantics:importAllArts",
         "73b7de51713ecd91"],
        ["CyberAlchemy.MetaMem transitive imports (legacy)",
         "f8fb69c367ffde5a"],
        ["CyberAlchemy.MetaMem:importAllArts", "83932433865b5a0e"],
        ["CyberAlchemy.MetarealManifold transitive imports (legacy)",
         "52eb4bd154c19338"],
        ["CyberAlchemy.MetarealManifold:importAllArts", "cd1715cc94f46e84"],
        ["CyberAlchemy.MicrotransformerEfficiency transitive imports (legacy)",
         "2ea6d138e8ed5b9c"],
        ["CyberAlchemy.MicrotransformerEfficiency:importAllArts",
         "22332cce55e7b37f"],
        ["CyberAlchemy.MonsterInverse transitive imports (legacy)",
         "f2e720a49f4e007c"],
        ["CyberAlchemy.MonsterInverse:importAllArts", "74390d1553017da4"],
        ["CyberAlchemy.MonsterLattice transitive imports (legacy)",
         "45e2af6f13beff07"],
        ["CyberAlchemy.MonsterLattice:importAllArts", "8e452e3a1d144a97"],
        ["CyberAlchemy.MultimodalMorphism transitive imports (legacy)",
         "de7310906ca476b8"],
        ["CyberAlchemy.MultimodalMorphism:importAllArts", "6970857c577ac36a"],
        ["CyberAlchemy.MultivariableTensorCalculus transitive imports (legacy)",
         "3f562a74e7bf85ff"],
        ["CyberAlchemy.MultivariableTensorCalculus:importAllArts",
         "a476b9c1d7f48035"],
        ["CyberAlchemy.MultivariableTensorFlow transitive imports (legacy)",
         "c010c9e043339bad"],
        ["CyberAlchemy.MultivariableTensorFlow:importAllArts",
         "4dda126de6e8e958"],
        ["CyberAlchemy.NewtonianWeave transitive imports (legacy)",
         "2888e951103a3444"],
        ["CyberAlchemy.NewtonianWeave:importAllArts", "4d0aec752c867311"],
        ["CyberAlchemy.NilradicalGeneralization transitive imports (legacy)",
         "8f953d2cb60c2064"],
        ["CyberAlchemy.NilradicalGeneralization:importAllArts",
         "accb9fdadcbbebd6"],
        ["CyberAlchemy.NonstandardBridge transitive imports (legacy)",
         "e22d0c2917c89a34"],
        ["CyberAlchemy.NonstandardBridge:importAllArts", "5e5aeac2de106ba5"],
        ["CyberAlchemy.ObservationalAperture transitive imports (legacy)",
         "cdd585e73b12222f"],
        ["CyberAlchemy.ObservationalAperture:importAllArts",
         "724b0e8119b1d4db"],
        ["CyberAlchemy.ObserverAdapter transitive imports (legacy)",
         "3fb078f47df83e00"],
        ["CyberAlchemy.ObserverAdapter:importAllArts", "ff523a6ed051df57"],
        ["CyberAlchemy.OctraFheSubset transitive imports (legacy)",
         "c00b045a882a0cd5"],
        ["CyberAlchemy.OctraFheSubset:importAllArts", "becb8948039c30cc"],
        ["CyberAlchemy.OptimalCompute transitive imports (legacy)",
         "5ac5c5937b04fbc8"],
        ["CyberAlchemy.OptimalCompute:importAllArts", "55656b94fb04c97c"],
        ["CyberAlchemy.OptimalConfig transitive imports (legacy)",
         "477aed7312e2c698"],
        ["CyberAlchemy.OptimalConfig:importAllArts", "734d1165dc5ba8fe"],
        ["CyberAlchemy.OptimalStochasticKernel transitive imports (legacy)",
         "4997bd438dd8b7a5"],
        ["CyberAlchemy.OptimalStochasticKernel:importAllArts",
         "ef7609e23c8713e6"],
        ["CyberAlchemy.OrchOR transitive imports (legacy)", "1e5a337a4b59fbe6"],
        ["CyberAlchemy.OrchOR:importAllArts", "ee7767b9df46d101"],
        ["CyberAlchemy.ParityStability transitive imports (legacy)",
         "9e3a981a5d1dde7e"],
        ["CyberAlchemy.ParityStability:importAllArts", "26d41418dc5b1c89"],
        ["CyberAlchemy.PentagonCoherence transitive imports (legacy)",
         "1dc78fe189d3f3a1"],
        ["CyberAlchemy.PentagonCoherence:importAllArts", "af51b04766d543db"],
        ["CyberAlchemy.PhasorTower transitive imports (legacy)",
         "3dc47f9de16e2dd1"],
        ["CyberAlchemy.PhasorTower:importAllArts", "b2ad4f9598193c0f"],
        ["CyberAlchemy.PlasmaConjectures transitive imports (legacy)",
         "ba62f358963913b7"],
        ["CyberAlchemy.PlasmaConjectures:importAllArts", "c8e41f08b6cbc055"],
        ["CyberAlchemy.PlasmaInfotonBridge transitive imports (legacy)",
         "05a47ff799599f69"],
        ["CyberAlchemy.PlasmaInfotonBridge:importAllArts", "9532257a3e3d3515"],
        ["CyberAlchemy.PolarizingField transitive imports (legacy)",
         "52a71afcffa39a91"],
        ["CyberAlchemy.PolarizingField:importAllArts", "017c9e9608a7a0d7"],
        ["CyberAlchemy.PostQuantumSecurity transitive imports (legacy)",
         "de81847c55aebddb"],
        ["CyberAlchemy.PostQuantumSecurity:importAllArts", "a7a02edacb45a3be"],
        ["CyberAlchemy.PrimeGenerators transitive imports (legacy)",
         "fcf36cb0d3aa69be"],
        ["CyberAlchemy.PrimeGenerators:importAllArts", "b7b9fc4b70815d4a"],
        ["CyberAlchemy.PrimorialJitter transitive imports (legacy)",
         "ed2827c765b5a064"],
        ["CyberAlchemy.PrimorialJitter:importAllArts", "a25cebe37b998cf7"],
        ["CyberAlchemy.ProtoLite transitive imports (legacy)",
         "debfc628b9a33703"],
        ["CyberAlchemy.ProtoLite:importAllArts", "40f3b19fea9dc513"],
        ["CyberAlchemy.ProtorealAI transitive imports (legacy)",
         "8397ce5a56d1caae"],
        ["CyberAlchemy.ProtorealAI:importAllArts", "940ea0f3e827d3bd"],
        ["CyberAlchemy.ProtorealAlgebra transitive imports (legacy)",
         "05ddd0191914c489"],
        ["CyberAlchemy.ProtorealAlgebra:importAllArts", "0b8c28f1db3489f5"],
        ["CyberAlchemy.ProtorealAxioms transitive imports (legacy)",
         "0d33fc924cfd8770"],
        ["CyberAlchemy.ProtorealAxioms:importAllArts", "e78990f9eb7eabb0"],
        ["CyberAlchemy.ProtorealFFT transitive imports (legacy)",
         "5902fb88e63981fb"],
        ["CyberAlchemy.ProtorealFFT:importAllArts", "39584cf818cde453"],
        ["CyberAlchemy.ProtorealGraph transitive imports (legacy)",
         "25378c7082eb0602"],
        ["CyberAlchemy.ProtorealGraph:importAllArts", "6581a5e57472509a"],
        ["CyberAlchemy.ProtorealHyperbolic transitive imports (legacy)",
         "1e2a7fdfcc77c23b"],
        ["CyberAlchemy.ProtorealHyperbolic:importAllArts", "c8af2c7bd140d7f3"],
        ["CyberAlchemy.ProtorealMandelbrot transitive imports (legacy)",
         "3f3979d2c3cdefd8"],
        ["CyberAlchemy.ProtorealMandelbrot:importAllArts", "6adf690d099569be"],
        ["CyberAlchemy.ProtorealManifold transitive imports (legacy)",
         "509efa3bdd6d1033"],
        ["CyberAlchemy.ProtorealManifold:importAllArts", "310dc4ddc461099f"],
        ["CyberAlchemy.ProtorealMesh transitive imports (legacy)",
         "4498bb3b76c47d2f"],
        ["CyberAlchemy.ProtorealMesh:importAllArts", "90bec2a8ba36f27c"],
        ["CyberAlchemy.ProtorealNorm transitive imports (legacy)",
         "e2df078b47d23a60"],
        ["CyberAlchemy.ProtorealNorm:importAllArts", "7af8c64f79cefe9f"],
        ["CyberAlchemy.ProtorealOperator transitive imports (legacy)",
         "8c0010de325bb14c"],
        ["CyberAlchemy.ProtorealOperator:importAllArts", "da9dd767030c0036"],
        ["CyberAlchemy.ProtorealParity transitive imports (legacy)",
         "424252da7562f8c3"],
        ["CyberAlchemy.ProtorealParity:importAllArts", "87723fa449852999"],
        ["CyberAlchemy.ProtorealTrig transitive imports (legacy)",
         "0a58f59e03d34a52"],
        ["CyberAlchemy.ProtorealTrig:importAllArts", "0e831c615c8aaa82"],
        ["CyberAlchemy.QuantumErrorCorrection transitive imports (legacy)",
         "0d940e2e9f1b2f50"],
        ["CyberAlchemy.QuantumErrorCorrection:importAllArts",
         "832e336307c80cf8"],
        ["CyberAlchemy.QuaternionInverse transitive imports (legacy)",
         "26766d4ffc93d818"],
        ["CyberAlchemy.QuaternionInverse:importAllArts", "89ecae95ccfdfd45"],
        ["CyberAlchemy.RelativisticContinuum transitive imports (legacy)",
         "045918aac45aca1b"],
        ["CyberAlchemy.RelativisticContinuum:importAllArts",
         "707c584569d15a4f"],
        ["CyberAlchemy.RiemannFunctionalEquation transitive imports (legacy)",
         "e9cbc93f6e7561ea"],
        ["CyberAlchemy.RiemannFunctionalEquation:importAllArts",
         "758b6af882968c74"],
        ["CyberAlchemy.RiemannSolution transitive imports (legacy)",
         "6e45f6b4fb00ec20"],
        ["CyberAlchemy.RiemannSolution:importAllArts", "7b64ba13c62e85ce"],
        ["CyberAlchemy.Rigidity transitive imports (legacy)",
         "460dad18e72a757b"],
        ["CyberAlchemy.Rigidity:importAllArts", "7ca8019dafe2e16e"],
        ["CyberAlchemy.SaeptationPrune transitive imports (legacy)",
         "1e00eeb3e92d33bb"],
        ["CyberAlchemy.SaeptationPrune:importAllArts", "e32c884f5e08a03b"],
        ["CyberAlchemy.SafetyBounds transitive imports (legacy)",
         "c3d1991988a02bea"],
        ["CyberAlchemy.SafetyBounds:importAllArts", "f03b42815e20ffbe"],
        ["CyberAlchemy.SavageProbability transitive imports (legacy)",
         "288fcd7bb7d77791"],
        ["CyberAlchemy.SavageProbability:importAllArts", "448ad63c3b60ddd6"],
        ["CyberAlchemy.SavageUtility transitive imports (legacy)",
         "eb0854db7f15bd42"],
        ["CyberAlchemy.SavageUtility:importAllArts", "c0cf70508b3ce067"],
        ["CyberAlchemy.SchwarzianTruth transitive imports (legacy)",
         "aa6791cd4cfbb0c9"],
        ["CyberAlchemy.SchwarzianTruth:importAllArts", "ac0c9666ce8c3edb"],
        ["CyberAlchemy.SecurityMorphism transitive imports (legacy)",
         "029de43d98205d2e"],
        ["CyberAlchemy.SecurityMorphism:importAllArts", "6a80047ad6642569"],
        ["CyberAlchemy.Semisimple transitive imports (legacy)",
         "52a71afcffa39a91"],
        ["CyberAlchemy.Semisimple:importAllArts", "c216e9573e446b75"],
        ["CyberAlchemy.SensoryGate transitive imports (legacy)",
         "17c4133e63e33ab5"],
        ["CyberAlchemy.SensoryGate:importAllArts", "98a4cb94a69fa13c"],
        ["CyberAlchemy.SensorySheaf transitive imports (legacy)",
         "cd77e44a2fd1bb71"],
        ["CyberAlchemy.SensorySheaf:importAllArts", "4e00b3e40ad20af5"],
        ["CyberAlchemy.SharedLatentSpace transitive imports (legacy)",
         "48f367661d8b5dfa"],
        ["CyberAlchemy.SharedLatentSpace:importAllArts", "68cf36c01c830fe8"],
        ["CyberAlchemy.SpectralCharacteristic transitive imports (legacy)",
         "2c90375e74efa80d"],
        ["CyberAlchemy.SpectralCharacteristic:importAllArts",
         "7caec2b378ae7e26"],
        ["CyberAlchemy.SpectralFiber transitive imports (legacy)",
         "2db4a0c02246587e"],
        ["CyberAlchemy.SpectralFiber:importAllArts", "29cba41dc1e710e7"],
        ["CyberAlchemy.SpectralFilter transitive imports (legacy)",
         "52a71afcffa39a91"],
        ["CyberAlchemy.SpectralFilter:importAllArts", "f615da1c22cdca7a"],
        ["CyberAlchemy.SpectralFixedPoint transitive imports (legacy)",
         "41421924e109f6f1"],
        ["CyberAlchemy.SpectralFixedPoint:importAllArts", "b20d9d5dfb530820"],
        ["CyberAlchemy.SpectralLattice transitive imports (legacy)",
         "e5ee565c9b8c3086"],
        ["CyberAlchemy.SpectralLattice:importAllArts", "0a85550d3bd5a3b3"],
        ["CyberAlchemy.SpectralTrinity transitive imports (legacy)",
         "243954709bbd1dcf"],
        ["CyberAlchemy.SpectralTrinity:importAllArts", "2c3e4503e0839cdf"],
        ["CyberAlchemy.SpectralTriple transitive imports (legacy)",
         "e5ee565c9b8c3086"],
        ["CyberAlchemy.SpectralTriple:importAllArts", "a2bf4778c289e98f"],
        ["CyberAlchemy.StochasticAlgebra transitive imports (legacy)",
         "ddf707af9ecec101"],
        ["CyberAlchemy.StochasticAlgebra:importAllArts", "b6c07a8d1f934183"],
        ["CyberAlchemy.StructuralHeterogeneity transitive imports (legacy)",
         "387ac9cacfc70ca7"],
        ["CyberAlchemy.StructuralHeterogeneity:importAllArts",
         "3a8871cafdd15183"],
        ["CyberAlchemy.StructuralMorphism transitive imports (legacy)",
         "b5cbc0af86ac6a2e"],
        ["CyberAlchemy.StructuralMorphism:importAllArts", "7dbf9f5b737b371e"],
        ["CyberAlchemy.SuperJetSheaf transitive imports (legacy)",
         "ad8b4353545f5fe1"],
        ["CyberAlchemy.SuperJetSheaf:importAllArts", "53e706f8153c6dd8"],
        ["CyberAlchemy.SymplecticHandshake transitive imports (legacy)",
         "22ae7acc93307688"],
        ["CyberAlchemy.SymplecticHandshake:importAllArts", "eee2df42bd837455"],
        ["CyberAlchemy.SyntheticIntegration transitive imports (legacy)",
         "6918b62a58669e2c"],
        ["CyberAlchemy.SyntheticIntegration:importAllArts", "19d165fa898eee35"],
        ["CyberAlchemy.SyntheticSciLean transitive imports (legacy)",
         "911d9bd9cf4134e7"],
        ["CyberAlchemy.SyntheticSciLean:importAllArts", "e087ac50da5bbab8"],
        ["CyberAlchemy.TemporalMorphism transitive imports (legacy)",
         "cf66fb4baeb0ac5d"],
        ["CyberAlchemy.TemporalMorphism:importAllArts", "7b2c5be689070fdc"],
        ["CyberAlchemy.TemporalOperators transitive imports (legacy)",
         "c47f6889261758f1"],
        ["CyberAlchemy.TemporalOperators:importAllArts", "c66be5dd9f3c2714"],
        ["CyberAlchemy.TemporalQuasicrystal transitive imports (legacy)",
         "903d840424a627a1"],
        ["CyberAlchemy.TemporalQuasicrystal:importAllArts", "f098880692526eb0"],
        ["CyberAlchemy.TensorCoupling transitive imports (legacy)",
         "b3cd2c5611750528"],
        ["CyberAlchemy.TensorCoupling:importAllArts", "276436df7a89ef77"],
        ["CyberAlchemy.TensorImaginaryBridge transitive imports (legacy)",
         "16dad29ed53c05ab"],
        ["CyberAlchemy.TensorImaginaryBridge:importAllArts",
         "a9e9944f2d7e1e11"],
        ["CyberAlchemy.ThermodynamicFriction transitive imports (legacy)",
         "398e1ccf056eb762"],
        ["CyberAlchemy.ThermodynamicFriction:importAllArts",
         "10c6e6509ccae1eb"],
        ["CyberAlchemy.TopologicalBearing transitive imports (legacy)",
         "870377e2dcf813e3"],
        ["CyberAlchemy.TopologicalBearing:importAllArts", "3f63653b3a2017ee"],
        ["CyberAlchemy.TopologicalDivergence transitive imports (legacy)",
         "12b501e63facfe5a"],
        ["CyberAlchemy.TopologicalDivergence:importAllArts",
         "753e683c65c60302"],
        ["CyberAlchemy.TopologicalFirewall transitive imports (legacy)",
         "a2a277888829aac5"],
        ["CyberAlchemy.TopologicalFirewall:importAllArts", "3fba733da23993ae"],
        ["CyberAlchemy.TopologicalImaginary transitive imports (legacy)",
         "a9196c1524395191"],
        ["CyberAlchemy.TopologicalImaginary:importAllArts", "8f3b9f79e9e720f9"],
        ["CyberAlchemy.TopologicalInversion transitive imports (legacy)",
         "b48b32f9b9f7581f"],
        ["CyberAlchemy.TopologicalInversion:importAllArts", "ecdb13af369ccf49"],
        ["CyberAlchemy.TopologicalUncertainty transitive imports (legacy)",
         "e34dce8dd517de00"],
        ["CyberAlchemy.TopologicalUncertainty:importAllArts",
         "e983c7e10f68a2f7"],
        ["CyberAlchemy.TranscendentalBasis transitive imports (legacy)",
         "117d9e20ab58827e"],
        ["CyberAlchemy.TranscendentalBasis:importAllArts", "05d6b4e2e9bd3969"],
        ["CyberAlchemy.UmbralCollapse transitive imports (legacy)",
         "1d309cb9a18421e6"],
        ["CyberAlchemy.UmbralCollapse:importAllArts", "12aa0c263d8adfb2"],
        ["CyberAlchemy.UmbralLocalResonance transitive imports (legacy)",
         "2c4ef56590ae2ccf"],
        ["CyberAlchemy.UmbralLocalResonance:importAllArts", "f8f566656c2c617f"],
        ["CyberAlchemy.Uncomplex transitive imports (legacy)",
         "e2df078b47d23a60"],
        ["CyberAlchemy.Uncomplex:importAllArts", "8ce67580c23deab5"],
        ["CyberAlchemy.ValenceMapping transitive imports (legacy)",
         "de81847c55aebddb"],
        ["CyberAlchemy.ValenceMapping:importAllArts", "6fbe9af5e7162e79"],
        ["CyberAlchemy.VisionMorphism transitive imports (legacy)",
         "d8be6898bb985276"],
        ["CyberAlchemy.VisionMorphism:importAllArts", "5920b4f2776df5e5"],
        ["CyberAlchemy.YangMillsMassGap transitive imports (legacy)",
         "26c78a895a8d3d7d"],
        ["CyberAlchemy.YangMillsMassGap:importAllArts", "63f32001454f8d90"],
        ["CyberAlchemy.YangMillsMultipath transitive imports (legacy)",
         "ccff4f54f5f4bf61"],
        ["CyberAlchemy.YangMillsMultipath:importAllArts", "e68ed031f99ec5e9"],
        ["CyberAlchemy.ZetaDirichlet transitive imports (legacy)",
         "911e690869c84c6a"],
        ["CyberAlchemy.ZetaDirichlet:importAllArts", "098eb02c2f5f88eb"],
        ["CyberAlchemy.ZetaResonance transitive imports (legacy)",
         "043e8246bca54fa7"],
        ["CyberAlchemy.ZetaResonance:importAllArts", "4bfbf658a83e0cd9"]]]]],
    ["libs",
     [["import dynlibs", "00000000000006bb"],
      ["package external libraries", "00000000000006bb"],
      ["module dynlibs", "00000000000006bb"],
      ["module plugins", "00000000000006bb"]]]]],
  ["Lean 4.29.1, commit f72c35b3f637c8c6571d353742168ab66cc22c00",
   "fa77a35a41db35c0"],
  ["/home/phrxmaz/Documents/CyberAlchemy/CyberAlchemy.lean",
   "0877d88f64eafed8"],
  ["options",
   [["-DrelaxedAutoImplicit=false", "74a2b5546b55be80"],
    ["-Dpp.unicode.fun=true", "9b94070140457fab"]]],
  ["isModule: false", "feefd2a0d3a1847e"],
  ["Module.name: CyberAlchemy", "f2232233301e51dc"],
  ["Package.id?: (some CyberAlchemy)", "145ff4c6b42a15f8"],
  ["Module.leanArgs: #[]", "00000000000006bb"]],
 "depHash": "9168db48ebfeb055"}